Copyright 1986-2020 Xilinx, Inc. All Rights Reserved.
-----------------------------------------------------------------------------------------
| Tool Version : Vivado v.2020.1 (win64) Build 2902540 Wed May 27 19:54:49 MDT 2020
| Date         : Wed Apr 19 15:31:29 2023
| Host         : santi-pc-tuf running 64-bit major release  (build 9200)
| Command      : report_control_sets -verbose -file visualizador_control_sets_placed.rpt
| Design       : visualizador
| Device       : xc7a100t
-----------------------------------------------------------------------------------------

Control Set Information

Table of Contents
-----------------
1. Summary
2. Histogram
3. Flip-Flop Distribution
4. Detailed Control Set Information

1. Summary
----------

+----------------------------------------------------------+-------+
|                          Status                          | Count |
+----------------------------------------------------------+-------+
| Total control sets                                       |     6 |
|    Minimum number of control sets                        |     6 |
|    Addition due to synthesis replication                 |     0 |
|    Addition due to physical synthesis replication        |     0 |
| Unused register locations in slices containing registers |    26 |
+----------------------------------------------------------+-------+
* Control sets can be merged at opt_design using control_set_merge or merge_equivalent_drivers
** Run report_qor_suggestions for automated merging and remapping suggestions


2. Histogram
------------

+--------------------+-------+
|       Fanout       | Count |
+--------------------+-------+
| Total control sets |     6 |
| >= 0 to < 4        |     4 |
| >= 4 to < 6        |     0 |
| >= 6 to < 8        |     1 |
| >= 8 to < 10       |     0 |
| >= 10 to < 12      |     0 |
| >= 12 to < 14      |     0 |
| >= 14 to < 16      |     0 |
| >= 16              |     1 |
+--------------------+-------+
* Control sets can be remapped at either synth_design or opt_design


3. Flip-Flop Distribution
-------------------------

+--------------+-----------------------+------------------------+-----------------+--------------+
| Clock Enable | Synchronous Set/Reset | Asynchronous Set/Reset | Total Registers | Total Slices |
+--------------+-----------------------+------------------------+-----------------+--------------+
| No           | No                    | No                     |               5 |            3 |
| No           | No                    | Yes                    |               0 |            0 |
| No           | Yes                   | No                     |              25 |            8 |
| Yes          | No                    | No                     |               0 |            0 |
| Yes          | No                    | Yes                    |               0 |            0 |
| Yes          | Yes                   | No                     |               0 |            0 |
+--------------+-----------------------+------------------------+-----------------+--------------+


4. Detailed Control Set Information
-----------------------------------

+----------------+---------------+----------------------+------------------+----------------+--------------+
|  Clock Signal  | Enable Signal |   Set/Reset Signal   | Slice Load Count | Bel Load Count | Bels / Slice |
+----------------+---------------+----------------------+------------------+----------------+--------------+
|  reloj_reg_n_0 |               | contador_reg_n_0_[0] |                1 |              1 |         1.00 |
|  reloj_reg_n_0 |               | contador[0]_i_1_n_0  |                1 |              1 |         1.00 |
|  clk_IBUF_BUFG |               |                      |                1 |              2 |         2.00 |
|  reloj_reg_n_0 |               |                      |                2 |              3 |         1.50 |
|  reloj_reg_n_0 |               | p_1_in               |                2 |              7 |         3.50 |
|  clk_IBUF_BUFG |               | reloj                |                4 |             16 |         4.00 |
+----------------+---------------+----------------------+------------------+----------------+--------------+


