#-----------------------------------------------------------
# Vivado v2020.1 (64-bit)
# SW Build 2902540 on Wed May 27 19:54:49 MDT 2020
# IP Build 2902112 on Wed May 27 22:43:36 MDT 2020
# Start of session at: Wed May 24 13:41:45 2023
# Process ID: 13920
# Current directory: D:/Escritorio/PWM
# Command line: vivado.exe -gui_launcher_event rodinguilauncherevent13880 D:\Escritorio\PWM\PWM.xpr
# Log file: D:/Escritorio/PWM/vivado.log
# Journal file: D:/Escritorio/PWM\vivado.jou
#-----------------------------------------------------------
start_gui
open_project D:/Escritorio/PWM/PWM.xpr
Scanning sources...
Finished scanning sources
WARNING: [filemgmt 56-3] Board Part Repository Path: Could not find the directory 'D:/AppData/Roaming/Xilinx/Vivado/2020.1/xhub/board_store/xilinx_board_store'.
INFO: [IP_Flow 19-234] Refreshing IP repositories
INFO: [IP_Flow 19-1704] No user IP repositories specified
INFO: [IP_Flow 19-2313] Loaded Vivado IP repository 'D:/Documentos/Xilinx/Vivado/2020.1/data/ip'.
open_project: Time (s): cpu = 00:00:15 ; elapsed = 00:00:10 . Memory (MB): peak = 1032.859 ; gain = 0.000
export_ip_user_files -of_objects  [get_files D:/Escritorio/PWM/KCPSM6_Release9_30Sept14/pwm.vhd] -no_script -reset -force -quiet
remove_files  D:/Escritorio/PWM/KCPSM6_Release9_30Sept14/pwm.vhd
add_files -norecurse D:/Escritorio/PWM/KCPSM6_Release9_30Sept14/pwm.vhd
synth_design -rtl -name rtl_1
Command: synth_design -rtl -name rtl_1
Starting synth_design
Using part: xc7a100tcsg324-1
Top: main
INFO: [Device 21-403] Loading part xc7a100tcsg324-1
---------------------------------------------------------------------------------
Starting RTL Elaboration : Time (s): cpu = 00:00:06 ; elapsed = 00:00:08 . Memory (MB): peak = 1532.602 ; gain = 236.574
---------------------------------------------------------------------------------
INFO: [Synth 8-638] synthesizing module 'main' [D:/Escritorio/PWM/PWM.srcs/sources_1/new/main.vhd:23]
INFO: [Synth 8-3491] module 'divifreg' declared at 'D:/Escritorio/PWM/PWM.srcs/sources_1/new/Divisor40kHz.vhd:4' bound to instance 'div_frecuencia' of component 'divifreg' [D:/Escritorio/PWM/PWM.srcs/sources_1/new/main.vhd:75]
INFO: [Synth 8-638] synthesizing module 'divifreg' [D:/Escritorio/PWM/PWM.srcs/sources_1/new/Divisor40kHz.vhd:9]
INFO: [Synth 8-256] done synthesizing module 'divifreg' (1#1) [D:/Escritorio/PWM/PWM.srcs/sources_1/new/Divisor40kHz.vhd:9]
INFO: [Synth 8-3491] module 'memoriaDatos' declared at 'D:/Escritorio/PWM/PWM.srcs/sources_1/new/MEMORIA_DE_DATOS.vhd:15' bound to instance 'mem_datos' of component 'memoriaDatos' [D:/Escritorio/PWM/PWM.srcs/sources_1/new/main.vhd:77]
INFO: [Synth 8-638] synthesizing module 'memoriaDatos' [D:/Escritorio/PWM/PWM.srcs/sources_1/new/MEMORIA_DE_DATOS.vhd:20]
INFO: [Synth 8-256] done synthesizing module 'memoriaDatos' (2#1) [D:/Escritorio/PWM/PWM.srcs/sources_1/new/MEMORIA_DE_DATOS.vhd:20]
INFO: [Synth 8-3491] module 'mem_porc' declared at 'D:/Escritorio/PWM/PWM.srcs/sources_1/new/mem_porc.vhd:34' bound to instance 'memoria_porc' of component 'mem_porc' [D:/Escritorio/PWM/PWM.srcs/sources_1/new/main.vhd:79]
INFO: [Synth 8-638] synthesizing module 'mem_porc' [D:/Escritorio/PWM/PWM.srcs/sources_1/new/mem_porc.vhd:39]
INFO: [Synth 8-3491] module 'dist_mem_gen_0' declared at 'D:/Escritorio/PWM/.Xil/Vivado-13920-DESKTOP-MSDTSIR/realtime/dist_mem_gen_0_stub.vhdl:5' bound to instance 'magnitudes' of component 'dist_mem_gen_0' [D:/Escritorio/PWM/PWM.srcs/sources_1/new/mem_porc.vhd:47]
INFO: [Synth 8-638] synthesizing module 'dist_mem_gen_0' [D:/Escritorio/PWM/.Xil/Vivado-13920-DESKTOP-MSDTSIR/realtime/dist_mem_gen_0_stub.vhdl:13]
INFO: [Synth 8-256] done synthesizing module 'mem_porc' (3#1) [D:/Escritorio/PWM/PWM.srcs/sources_1/new/mem_porc.vhd:39]
INFO: [Synth 8-3491] module 'mux' declared at 'D:/Escritorio/PWM/PWM.srcs/sources_1/new/mux.vhd:34' bound to instance 'mux_entrada' of component 'mux' [D:/Escritorio/PWM/PWM.srcs/sources_1/new/main.vhd:81]
INFO: [Synth 8-638] synthesizing module 'mux' [D:/Escritorio/PWM/PWM.srcs/sources_1/new/mux.vhd:41]
INFO: [Synth 8-256] done synthesizing module 'mux' (4#1) [D:/Escritorio/PWM/PWM.srcs/sources_1/new/mux.vhd:41]
	Parameter hwbuild bound to: 8'b00000000 
	Parameter interrupt_vector bound to: 12'b001111111111 
	Parameter scratch_pad_memory_size bound to: 64 - type: integer 
INFO: [Synth 8-3491] module 'kcpsm6' declared at 'D:/Escritorio/PWM/KCPSM6_Release9_30Sept14/kcpsm6.vhd:87' bound to instance 'procesador' of component 'kcpsm6' [D:/Escritorio/PWM/PWM.srcs/sources_1/new/main.vhd:83]
INFO: [Synth 8-638] synthesizing module 'kcpsm6' [D:/Escritorio/PWM/KCPSM6_Release9_30Sept14/kcpsm6.vhd:111]
	Parameter hwbuild bound to: 8'b00000000 
	Parameter interrupt_vector bound to: 12'b001111111111 
	Parameter scratch_pad_memory_size bound to: 64 - type: integer 
	Parameter INIT bound to: 64'b1111111111111111111101010101010100000000000000000000111011101110 
INFO: [Synth 8-113] binding component instance 'reset_lut' to cell 'LUT6_2' [D:/Escritorio/PWM/KCPSM6_Release9_30Sept14/kcpsm6.vhd:685]
	Parameter INIT bound to: 1'b0 
INFO: [Synth 8-113] binding component instance 'run_flop' to cell 'FD' [D:/Escritorio/PWM/KCPSM6_Release9_30Sept14/kcpsm6.vhd:696]
	Parameter INIT bound to: 1'b0 
INFO: [Synth 8-113] binding component instance 'internal_reset_flop' to cell 'FD' [D:/Escritorio/PWM/KCPSM6_Release9_30Sept14/kcpsm6.vhd:701]
	Parameter INIT bound to: 1'b0 
INFO: [Synth 8-113] binding component instance 'sync_sleep_flop' to cell 'FD' [D:/Escritorio/PWM/KCPSM6_Release9_30Sept14/kcpsm6.vhd:706]
	Parameter INIT bound to: 64'b0000000010000011000000000000101100000000110001000000000001001100 
INFO: [Synth 8-113] binding component instance 't_state_lut' to cell 'LUT6_2' [D:/Escritorio/PWM/KCPSM6_Release9_30Sept14/kcpsm6.vhd:711]
	Parameter INIT bound to: 1'b0 
INFO: [Synth 8-113] binding component instance 't_state1_flop' to cell 'FD' [D:/Escritorio/PWM/KCPSM6_Release9_30Sept14/kcpsm6.vhd:722]
	Parameter INIT bound to: 1'b0 
INFO: [Synth 8-113] binding component instance 't_state2_flop' to cell 'FD' [D:/Escritorio/PWM/KCPSM6_Release9_30Sept14/kcpsm6.vhd:727]
	Parameter INIT bound to: 64'b0000000000010000000000000000000000000000000000000000100000000000 
INFO: [Synth 8-113] binding component instance 'int_enable_type_lut' to cell 'LUT6_2' [D:/Escritorio/PWM/KCPSM6_Release9_30Sept14/kcpsm6.vhd:733]
	Parameter INIT bound to: 64'b0000000000000000000000000000000000000000000000001100101010101010 
INFO: [Synth 8-113] binding component instance 'interrupt_enable_lut' to cell 'LUT6' [D:/Escritorio/PWM/KCPSM6_Release9_30Sept14/kcpsm6.vhd:744]
	Parameter INIT bound to: 1'b0 
INFO: [Synth 8-113] binding component instance 'interrupt_enable_flop' to cell 'FD' [D:/Escritorio/PWM/KCPSM6_Release9_30Sept14/kcpsm6.vhd:754]
	Parameter INIT bound to: 1'b0 
INFO: [Synth 8-113] binding component instance 'sync_interrupt_flop' to cell 'FD' [D:/Escritorio/PWM/KCPSM6_Release9_30Sept14/kcpsm6.vhd:759]
	Parameter INIT bound to: 64'b1100110000110011111111110000000010000000100000001000000010000000 
INFO: [Synth 8-113] binding component instance 'active_interrupt_lut' to cell 'LUT6_2' [D:/Escritorio/PWM/KCPSM6_Release9_30Sept14/kcpsm6.vhd:764]
	Parameter INIT bound to: 1'b0 
INFO: [Synth 8-113] binding component instance 'active_interrupt_flop' to cell 'FD' [D:/Escritorio/PWM/KCPSM6_Release9_30Sept14/kcpsm6.vhd:775]
	Parameter INIT bound to: 1'b0 
INFO: [Synth 8-113] binding component instance 'interrupt_ack_flop' to cell 'FD' [D:/Escritorio/PWM/KCPSM6_Release9_30Sept14/kcpsm6.vhd:780]
	Parameter INIT bound to: 64'b0101101000111100111111111111111100000000000000000000000000000000 
INFO: [Synth 8-113] binding component instance 'pc_move_is_valid_lut' to cell 'LUT6' [D:/Escritorio/PWM/KCPSM6_Release9_30Sept14/kcpsm6.vhd:804]
	Parameter INIT bound to: 64'b0111011101110111000000100111011100000000000000000000001000000000 
INFO: [Synth 8-113] binding component instance 'move_type_lut' to cell 'LUT6_2' [D:/Escritorio/PWM/KCPSM6_Release9_30Sept14/kcpsm6.vhd:814]
	Parameter INIT bound to: 64'b0000000000000000111100000000000000000000000000000010001111111111 
INFO: [Synth 8-113] binding component instance 'pc_mode1_lut' to cell 'LUT6_2' [D:/Escritorio/PWM/KCPSM6_Release9_30Sept14/kcpsm6.vhd:825]
	Parameter INIT bound to: 64'b1111111111111111111111111111111100000000000001000000000000000000 
INFO: [Synth 8-113] binding component instance 'pc_mode2_lut' to cell 'LUT6' [D:/Escritorio/PWM/KCPSM6_Release9_30Sept14/kcpsm6.vhd:836]
	Parameter INIT bound to: 64'b1111111111111111000100000000000000000000000000000010000000000000 
INFO: [Synth 8-113] binding component instance 'push_pop_lut' to cell 'LUT6_2' [D:/Escritorio/PWM/KCPSM6_Release9_30Sept14/kcpsm6.vhd:846]
	Parameter INIT bound to: 64'b0000001111001010000000000000000000000100001000000000000000000000 
INFO: [Synth 8-113] binding component instance 'alu_decode0_lut' to cell 'LUT6_2' [D:/Escritorio/PWM/KCPSM6_Release9_30Sept14/kcpsm6.vhd:861]
	Parameter INIT bound to: 1'b0 
INFO: [Synth 8-113] binding component instance 'alu_mux_sel0_flop' to cell 'FD' [D:/Escritorio/PWM/KCPSM6_Release9_30Sept14/kcpsm6.vhd:872]
	Parameter INIT bound to: 64'b0111011100001000000000000000000000000000000000000000111100000000 
INFO: [Synth 8-113] binding component instance 'alu_decode1_lut' to cell 'LUT6_2' [D:/Escritorio/PWM/KCPSM6_Release9_30Sept14/kcpsm6.vhd:877]
	Parameter INIT bound to: 1'b0 
INFO: [Synth 8-113] binding component instance 'alu_mux_sel1_flop' to cell 'FD' [D:/Escritorio/PWM/KCPSM6_Release9_30Sept14/kcpsm6.vhd:888]
	Parameter INIT bound to: 64'b1101000000000000000000000000000000000010000000000000000000000000 
INFO: [Synth 8-113] binding component instance 'alu_decode2_lut' to cell 'LUT6_2' [D:/Escritorio/PWM/KCPSM6_Release9_30Sept14/kcpsm6.vhd:894]
	Parameter INIT bound to: 64'b0000000000000001001111110011111100000000000100001111011111001110 
INFO: [Synth 8-113] binding component instance 'register_enable_type_lut' to cell 'LUT6_2' [D:/Escritorio/PWM/KCPSM6_Release9_30Sept14/kcpsm6.vhd:909]
	Parameter INIT bound to: 64'b1100000011001100000000000000000010100000101010100000000000000000 
INFO: [Synth 8-113] binding component instance 'register_enable_lut' to cell 'LUT6_2' [D:/Escritorio/PWM/KCPSM6_Release9_30Sept14/kcpsm6.vhd:920]
	Parameter INIT bound to: 1'b0 
INFO: [Synth 8-113] binding component instance 'flag_enable_flop' to cell 'FDR' [D:/Escritorio/PWM/KCPSM6_Release9_30Sept14/kcpsm6.vhd:931]
	Parameter INIT bound to: 1'b0 
INFO: [Synth 8-113] binding component instance 'register_enable_flop' to cell 'FDR' [D:/Escritorio/PWM/KCPSM6_Release9_30Sept14/kcpsm6.vhd:937]
	Parameter INIT bound to: 64'b1000000000000000000000000000000000100000000000000000000000000000 
INFO: [Synth 8-113] binding component instance 'spm_enable_lut' to cell 'LUT6_2' [D:/Escritorio/PWM/KCPSM6_Release9_30Sept14/kcpsm6.vhd:943]
	Parameter INIT bound to: 1'b0 
INFO: [Synth 8-113] binding component instance 'k_write_strobe_flop' to cell 'FDR' [D:/Escritorio/PWM/KCPSM6_Release9_30Sept14/kcpsm6.vhd:954]
	Parameter INIT bound to: 1'b0 
INFO: [Synth 8-113] binding component instance 'spm_enable_flop' to cell 'FDR' [D:/Escritorio/PWM/KCPSM6_Release9_30Sept14/kcpsm6.vhd:960]
	Parameter INIT bound to: 64'b0100000000000000000000000000000000000001000000000000000000000000 
INFO: [Synth 8-113] binding component instance 'read_strobe_lut' to cell 'LUT6_2' [D:/Escritorio/PWM/KCPSM6_Release9_30Sept14/kcpsm6.vhd:966]
	Parameter INIT bound to: 1'b0 
INFO: [Synth 8-113] binding component instance 'write_strobe_flop' to cell 'FDR' [D:/Escritorio/PWM/KCPSM6_Release9_30Sept14/kcpsm6.vhd:977]
	Parameter INIT bound to: 1'b0 
INFO: [Synth 8-113] binding component instance 'read_strobe_flop' to cell 'FDR' [D:/Escritorio/PWM/KCPSM6_Release9_30Sept14/kcpsm6.vhd:983]
	Parameter INIT bound to: 64'b0000000010000000000000100000000000000000000000000000000000000000 
INFO: [Synth 8-113] binding component instance 'regbank_type_lut' to cell 'LUT6' [D:/Escritorio/PWM/KCPSM6_Release9_30Sept14/kcpsm6.vhd:1001]
	Parameter INIT bound to: 64'b1010110010101100111111110000000011111111000000001111111100000000 
INFO: [Synth 8-113] binding component instance 'bank_lut' to cell 'LUT6' [D:/Escritorio/PWM/KCPSM6_Release9_30Sept14/kcpsm6.vhd:1011]
	Parameter INIT bound to: 1'b0 
INFO: [Synth 8-113] binding component instance 'bank_flop' to cell 'FDR' [D:/Escritorio/PWM/KCPSM6_Release9_30Sept14/kcpsm6.vhd:1021]
	Parameter INIT bound to: 1'b0 
INFO: [Synth 8-113] binding component instance 'sx_addr4_flop' to cell 'FD' [D:/Escritorio/PWM/KCPSM6_Release9_30Sept14/kcpsm6.vhd:1027]
INFO: [Synth 8-113] binding component instance 'arith_carry_xorcy' to cell 'XORCY' [D:/Escritorio/PWM/KCPSM6_Release9_30Sept14/kcpsm6.vhd:1051]
	Parameter INIT bound to: 1'b0 
INFO: [Synth 8-113] binding component instance 'arith_carry_flop' to cell 'FD' [D:/Escritorio/PWM/KCPSM6_Release9_30Sept14/kcpsm6.vhd:1056]
	Parameter INIT bound to: 64'b0000000000000000000000000000000010000111011110000000000000000000 
INFO: [Synth 8-113] binding component instance 'lower_parity_lut' to cell 'LUT6_2' [D:/Escritorio/PWM/KCPSM6_Release9_30Sept14/kcpsm6.vhd:1061]
INFO: [Synth 8-113] binding component instance 'parity_muxcy' to cell 'MUXCY' [D:/Escritorio/PWM/KCPSM6_Release9_30Sept14/kcpsm6.vhd:1072]
	Parameter INIT bound to: 64'b0110100110010110100101100110100110010110011010010110100110010110 
INFO: [Synth 8-113] binding component instance 'upper_parity_lut' to cell 'LUT6' [D:/Escritorio/PWM/KCPSM6_Release9_30Sept14/kcpsm6.vhd:1078]
INFO: [Synth 8-113] binding component instance 'parity_xorcy' to cell 'XORCY' [D:/Escritorio/PWM/KCPSM6_Release9_30Sept14/kcpsm6.vhd:1088]
	Parameter INIT bound to: 64'b1111111111111111101010101100110011110000111100001111000011110000 
INFO: [Synth 8-113] binding component instance 'shift_carry_lut' to cell 'LUT6' [D:/Escritorio/PWM/KCPSM6_Release9_30Sept14/kcpsm6.vhd:1093]
	Parameter INIT bound to: 1'b0 
INFO: [Synth 8-113] binding component instance 'shift_carry_flop' to cell 'FD' [D:/Escritorio/PWM/KCPSM6_Release9_30Sept14/kcpsm6.vhd:1103]
	Parameter INIT bound to: 64'b0011001100110011101010101100110011110000101010100000000000000000 
INFO: [Synth 8-113] binding component instance 'carry_flag_lut' to cell 'LUT6_2' [D:/Escritorio/PWM/KCPSM6_Release9_30Sept14/kcpsm6.vhd:1108]
	Parameter INIT bound to: 1'b0 
	Parameter IS_C_INVERTED bound to: 1'b0 
	Parameter IS_D_INVERTED bound to: 1'b0 
	Parameter IS_R_INVERTED bound to: 1'b0 
INFO: [Synth 8-113] binding component instance 'carry_flag_flop' to cell 'FDRE' [D:/Escritorio/PWM/KCPSM6_Release9_30Sept14/kcpsm6.vhd:1119]
INFO: [Synth 8-113] binding component instance 'init_zero_muxcy' to cell 'MUXCY' [D:/Escritorio/PWM/KCPSM6_Release9_30Sept14/kcpsm6.vhd:1126]
	Parameter INIT bound to: 64'b1010001010000000000000000000000000000000111100000000000011110000 
INFO: [Synth 8-113] binding component instance 'use_zero_flag_lut' to cell 'LUT6_2' [D:/Escritorio/PWM/KCPSM6_Release9_30Sept14/kcpsm6.vhd:1132]
	Parameter INIT bound to: 1'b0 
INFO: [Synth 8-113] binding component instance 'use_zero_flag_flop' to cell 'FD' [D:/Escritorio/PWM/KCPSM6_Release9_30Sept14/kcpsm6.vhd:1143]
	Parameter INIT bound to: 64'b0000000000000000000000000000000000000000000000000000000000000001 
INFO: [Synth 8-113] binding component instance 'lower_zero_lut' to cell 'LUT6_2' [D:/Escritorio/PWM/KCPSM6_Release9_30Sept14/kcpsm6.vhd:1148]
INFO: [Synth 8-113] binding component instance 'lower_zero_muxcy' to cell 'MUXCY' [D:/Escritorio/PWM/KCPSM6_Release9_30Sept14/kcpsm6.vhd:1159]
	Parameter INIT bound to: 64'b0000000000000000000000000000110100000000000000000000000000000000 
INFO: [Synth 8-113] binding component instance 'middle_zero_lut' to cell 'LUT6_2' [D:/Escritorio/PWM/KCPSM6_Release9_30Sept14/kcpsm6.vhd:1165]
INFO: [Synth 8-113] binding component instance 'middle_zero_muxcy' to cell 'MUXCY' [D:/Escritorio/PWM/KCPSM6_Release9_30Sept14/kcpsm6.vhd:1176]
	Parameter INIT bound to: 64'b1111101111111111000000000000000000000000000000000000000000000000 
INFO: [Synth 8-113] binding component instance 'upper_zero_lut' to cell 'LUT6' [D:/Escritorio/PWM/KCPSM6_Release9_30Sept14/kcpsm6.vhd:1182]
INFO: [Synth 8-113] binding component instance 'upper_zero_muxcy' to cell 'MUXCY' [D:/Escritorio/PWM/KCPSM6_Release9_30Sept14/kcpsm6.vhd:1192]
	Parameter INIT bound to: 1'b0 
	Parameter IS_C_INVERTED bound to: 1'b0 
	Parameter IS_D_INVERTED bound to: 1'b0 
	Parameter IS_R_INVERTED bound to: 1'b0 
INFO: [Synth 8-113] binding component instance 'zero_flag_flop' to cell 'FDRE' [D:/Escritorio/PWM/KCPSM6_Release9_30Sept14/kcpsm6.vhd:1198]
	Parameter INIT bound to: 1'b0 
INFO: [Synth 8-113] binding component instance 'return_vector_flop' to cell 'FD' [D:/Escritorio/PWM/KCPSM6_Release9_30Sept14/kcpsm6.vhd:1249]
	Parameter INIT bound to: 64'b1111111100000000111100001111000011001100110011001010101010101010 
INFO: [Synth 8-113] binding component instance 'pc_vector_mux_lut' to cell 'LUT6_2' [D:/Escritorio/PWM/KCPSM6_Release9_30Sept14/kcpsm6.vhd:1264]
	Parameter INIT bound to: 1'b0 
	Parameter IS_C_INVERTED bound to: 1'b0 
	Parameter IS_D_INVERTED bound to: 1'b0 
	Parameter IS_R_INVERTED bound to: 1'b0 
INFO: [Synth 8-113] binding component instance 'pc_flop' to cell 'FDRE' [D:/Escritorio/PWM/KCPSM6_Release9_30Sept14/kcpsm6.vhd:1309]
	Parameter INIT bound to: 64'b0000000010101010000000001111111100110011110011000000111100000000 
INFO: [Synth 8-113] binding component instance 'pc_lut' to cell 'LUT6' [D:/Escritorio/PWM/KCPSM6_Release9_30Sept14/kcpsm6.vhd:1350]
INFO: [Synth 8-113] binding component instance 'pc_xorcy' to cell 'XORCY' [D:/Escritorio/PWM/KCPSM6_Release9_30Sept14/kcpsm6.vhd:1366]
INFO: [Synth 8-113] binding component instance 'pc_muxcy' to cell 'MUXCY' [D:/Escritorio/PWM/KCPSM6_Release9_30Sept14/kcpsm6.vhd:1371]
	Parameter INIT bound to: 1'b0 
INFO: [Synth 8-113] binding component instance 'return_vector_flop' to cell 'FD' [D:/Escritorio/PWM/KCPSM6_Release9_30Sept14/kcpsm6.vhd:1249]
	Parameter INIT bound to: 1'b0 
	Parameter IS_C_INVERTED bound to: 1'b0 
	Parameter IS_D_INVERTED bound to: 1'b0 
	Parameter IS_R_INVERTED bound to: 1'b0 
INFO: [Synth 8-113] binding component instance 'pc_flop' to cell 'FDRE' [D:/Escritorio/PWM/KCPSM6_Release9_30Sept14/kcpsm6.vhd:1309]
	Parameter INIT bound to: 64'b0000000010101010000000001111111111001100110011001111000000000000 
INFO: [Synth 8-113] binding component instance 'pc_lut' to cell 'LUT6' [D:/Escritorio/PWM/KCPSM6_Release9_30Sept14/kcpsm6.vhd:1411]
INFO: [Synth 8-113] binding component instance 'pc_xorcy' to cell 'XORCY' [D:/Escritorio/PWM/KCPSM6_Release9_30Sept14/kcpsm6.vhd:1426]
INFO: [Synth 8-113] binding component instance 'pc_muxcy' to cell 'MUXCY' [D:/Escritorio/PWM/KCPSM6_Release9_30Sept14/kcpsm6.vhd:1440]
	Parameter INIT bound to: 1'b0 
INFO: [Synth 8-113] binding component instance 'return_vector_flop' to cell 'FD' [D:/Escritorio/PWM/KCPSM6_Release9_30Sept14/kcpsm6.vhd:1249]
	Parameter INIT bound to: 64'b1111111100000000111100001111000011001100110011001010101010101010 
INFO: [Synth 8-113] binding component instance 'pc_vector_mux_lut' to cell 'LUT6_2' [D:/Escritorio/PWM/KCPSM6_Release9_30Sept14/kcpsm6.vhd:1264]
	Parameter INIT bound to: 1'b0 
	Parameter IS_C_INVERTED bound to: 1'b0 
	Parameter IS_D_INVERTED bound to: 1'b0 
	Parameter IS_R_INVERTED bound to: 1'b0 
INFO: [Synth 8-113] binding component instance 'pc_flop' to cell 'FDRE' [D:/Escritorio/PWM/KCPSM6_Release9_30Sept14/kcpsm6.vhd:1309]
	Parameter INIT bound to: 64'b0000000010101010000000001111111111001100110011001111000000000000 
INFO: [Synth 8-113] binding component instance 'pc_lut' to cell 'LUT6' [D:/Escritorio/PWM/KCPSM6_Release9_30Sept14/kcpsm6.vhd:1411]
INFO: [Synth 8-113] binding component instance 'pc_xorcy' to cell 'XORCY' [D:/Escritorio/PWM/KCPSM6_Release9_30Sept14/kcpsm6.vhd:1426]
INFO: [Synth 8-113] binding component instance 'pc_muxcy' to cell 'MUXCY' [D:/Escritorio/PWM/KCPSM6_Release9_30Sept14/kcpsm6.vhd:1440]
	Parameter INIT bound to: 1'b0 
INFO: [Synth 8-113] binding component instance 'return_vector_flop' to cell 'FD' [D:/Escritorio/PWM/KCPSM6_Release9_30Sept14/kcpsm6.vhd:1249]
	Parameter INIT bound to: 1'b0 
	Parameter IS_C_INVERTED bound to: 1'b0 
	Parameter IS_D_INVERTED bound to: 1'b0 
	Parameter IS_R_INVERTED bound to: 1'b0 
INFO: [Synth 8-113] binding component instance 'pc_flop' to cell 'FDRE' [D:/Escritorio/PWM/KCPSM6_Release9_30Sept14/kcpsm6.vhd:1309]
	Parameter INIT bound to: 64'b0000000010101010000000001111111111001100110011001111000000000000 
INFO: [Synth 8-113] binding component instance 'pc_lut' to cell 'LUT6' [D:/Escritorio/PWM/KCPSM6_Release9_30Sept14/kcpsm6.vhd:1411]
INFO: [Synth 8-113] binding component instance 'pc_xorcy' to cell 'XORCY' [D:/Escritorio/PWM/KCPSM6_Release9_30Sept14/kcpsm6.vhd:1426]
INFO: [Synth 8-113] binding component instance 'pc_muxcy' to cell 'MUXCY' [D:/Escritorio/PWM/KCPSM6_Release9_30Sept14/kcpsm6.vhd:1440]
	Parameter INIT bound to: 1'b0 
INFO: [Synth 8-113] binding component instance 'return_vector_flop' to cell 'FD' [D:/Escritorio/PWM/KCPSM6_Release9_30Sept14/kcpsm6.vhd:1249]
	Parameter INIT bound to: 64'b1111111100000000111100001111000011001100110011001010101010101010 
INFO: [Synth 8-113] binding component instance 'pc_vector_mux_lut' to cell 'LUT6_2' [D:/Escritorio/PWM/KCPSM6_Release9_30Sept14/kcpsm6.vhd:1264]
	Parameter INIT bound to: 1'b0 
	Parameter IS_C_INVERTED bound to: 1'b0 
	Parameter IS_D_INVERTED bound to: 1'b0 
	Parameter IS_R_INVERTED bound to: 1'b0 
INFO: [Synth 8-113] binding component instance 'pc_flop' to cell 'FDRE' [D:/Escritorio/PWM/KCPSM6_Release9_30Sept14/kcpsm6.vhd:1309]
	Parameter INIT bound to: 64'b0000000010101010000000001111111111001100110011001111000000000000 
INFO: [Synth 8-113] binding component instance 'pc_lut' to cell 'LUT6' [D:/Escritorio/PWM/KCPSM6_Release9_30Sept14/kcpsm6.vhd:1411]
INFO: [Synth 8-113] binding component instance 'pc_xorcy' to cell 'XORCY' [D:/Escritorio/PWM/KCPSM6_Release9_30Sept14/kcpsm6.vhd:1426]
INFO: [Synth 8-113] binding component instance 'pc_muxcy' to cell 'MUXCY' [D:/Escritorio/PWM/KCPSM6_Release9_30Sept14/kcpsm6.vhd:1440]
	Parameter INIT bound to: 1'b0 
INFO: [Synth 8-113] binding component instance 'return_vector_flop' to cell 'FD' [D:/Escritorio/PWM/KCPSM6_Release9_30Sept14/kcpsm6.vhd:1249]
	Parameter INIT bound to: 1'b0 
	Parameter IS_C_INVERTED bound to: 1'b0 
	Parameter IS_D_INVERTED bound to: 1'b0 
	Parameter IS_R_INVERTED bound to: 1'b0 
INFO: [Synth 8-113] binding component instance 'pc_flop' to cell 'FDRE' [D:/Escritorio/PWM/KCPSM6_Release9_30Sept14/kcpsm6.vhd:1309]
	Parameter INIT bound to: 64'b0000000010101010000000001111111111001100110011001111000000000000 
INFO: [Synth 8-113] binding component instance 'pc_lut' to cell 'LUT6' [D:/Escritorio/PWM/KCPSM6_Release9_30Sept14/kcpsm6.vhd:1411]
INFO: [Synth 8-113] binding component instance 'pc_xorcy' to cell 'XORCY' [D:/Escritorio/PWM/KCPSM6_Release9_30Sept14/kcpsm6.vhd:1426]
INFO: [Synth 8-113] binding component instance 'pc_muxcy' to cell 'MUXCY' [D:/Escritorio/PWM/KCPSM6_Release9_30Sept14/kcpsm6.vhd:1440]
	Parameter INIT bound to: 1'b0 
INFO: [Synth 8-113] binding component instance 'return_vector_flop' to cell 'FD' [D:/Escritorio/PWM/KCPSM6_Release9_30Sept14/kcpsm6.vhd:1249]
	Parameter INIT bound to: 64'b1111111100000000111100001111000011001100110011001010101010101010 
INFO: [Synth 8-113] binding component instance 'pc_vector_mux_lut' to cell 'LUT6_2' [D:/Escritorio/PWM/KCPSM6_Release9_30Sept14/kcpsm6.vhd:1264]
	Parameter INIT bound to: 1'b0 
	Parameter IS_C_INVERTED bound to: 1'b0 
	Parameter IS_D_INVERTED bound to: 1'b0 
	Parameter IS_R_INVERTED bound to: 1'b0 
INFO: [Synth 8-113] binding component instance 'pc_flop' to cell 'FDRE' [D:/Escritorio/PWM/KCPSM6_Release9_30Sept14/kcpsm6.vhd:1309]
	Parameter INIT bound to: 64'b0000000010101010000000001111111111001100110011001111000000000000 
INFO: [Synth 8-113] binding component instance 'pc_lut' to cell 'LUT6' [D:/Escritorio/PWM/KCPSM6_Release9_30Sept14/kcpsm6.vhd:1411]
INFO: [Synth 8-113] binding component instance 'pc_xorcy' to cell 'XORCY' [D:/Escritorio/PWM/KCPSM6_Release9_30Sept14/kcpsm6.vhd:1426]
INFO: [Synth 8-113] binding component instance 'pc_muxcy' to cell 'MUXCY' [D:/Escritorio/PWM/KCPSM6_Release9_30Sept14/kcpsm6.vhd:1440]
	Parameter INIT bound to: 1'b0 
INFO: [Synth 8-113] binding component instance 'return_vector_flop' to cell 'FD' [D:/Escritorio/PWM/KCPSM6_Release9_30Sept14/kcpsm6.vhd:1249]
	Parameter INIT bound to: 1'b0 
	Parameter IS_C_INVERTED bound to: 1'b0 
	Parameter IS_D_INVERTED bound to: 1'b0 
	Parameter IS_R_INVERTED bound to: 1'b0 
INFO: [Synth 8-113] binding component instance 'pc_flop' to cell 'FDRE' [D:/Escritorio/PWM/KCPSM6_Release9_30Sept14/kcpsm6.vhd:1309]
	Parameter INIT bound to: 64'b0000000010101010000000001111111111001100110011001111000000000000 
INFO: [Synth 8-113] binding component instance 'pc_lut' to cell 'LUT6' [D:/Escritorio/PWM/KCPSM6_Release9_30Sept14/kcpsm6.vhd:1411]
INFO: [Common 17-14] Message 'Synth 8-113' appears 100 times and further instances of the messages will be disabled. Use the Tcl command set_msg_config to change the current settings.
	Parameter INIT bound to: 1'b0 
	Parameter INIT bound to: 64'b1111111100000000111100001111000011001100110011001010101010101010 
	Parameter INIT bound to: 1'b0 
	Parameter IS_C_INVERTED bound to: 1'b0 
	Parameter IS_D_INVERTED bound to: 1'b0 
	Parameter IS_R_INVERTED bound to: 1'b0 
	Parameter INIT bound to: 64'b0000000010101010000000001111111111001100110011001111000000000000 
	Parameter INIT bound to: 1'b0 
	Parameter INIT bound to: 1'b0 
	Parameter IS_C_INVERTED bound to: 1'b0 
	Parameter IS_D_INVERTED bound to: 1'b0 
	Parameter IS_R_INVERTED bound to: 1'b0 
	Parameter INIT bound to: 64'b0000000010101010000000001111111111001100110011001111000000000000 
	Parameter INIT bound to: 1'b0 
	Parameter INIT bound to: 64'b1111111100000000111100001111000011001100110011001010101010101010 
	Parameter INIT bound to: 1'b0 
	Parameter IS_C_INVERTED bound to: 1'b0 
	Parameter IS_D_INVERTED bound to: 1'b0 
	Parameter IS_R_INVERTED bound to: 1'b0 
	Parameter INIT bound to: 64'b0000000010101010000000000000000011001100110011001111000000000000 
	Parameter INIT bound to: 1'b0 
	Parameter INIT bound to: 1'b0 
	Parameter IS_C_INVERTED bound to: 1'b0 
	Parameter IS_D_INVERTED bound to: 1'b0 
	Parameter IS_R_INVERTED bound to: 1'b0 
	Parameter INIT bound to: 64'b0000000010101010000000000000000011001100110011001111000000000000 
	Parameter INIT bound to: 1'b0 
	Parameter INIT bound to: 1'b0 
	Parameter INIT bound to: 1'b0 
	Parameter INIT bound to: 1'b0 
	Parameter INIT bound to: 1'b0 
	Parameter INIT_A bound to: 64'b0000000000000000000000000000000000000000000000000000000000000000 
	Parameter INIT_B bound to: 64'b0000000000000000000000000000000000000000000000000000000000000000 
	Parameter INIT_C bound to: 64'b0000000000000000000000000000000000000000000000000000000000000000 
	Parameter INIT_D bound to: 64'b0000000000000000000000000000000000000000000000000000000000000000 
	Parameter IS_WCLK_INVERTED bound to: 1'b0 
	Parameter INIT_A bound to: 64'b0000000000000000000000000000000000000000000000000000000000000000 
	Parameter INIT_B bound to: 64'b0000000000000000000000000000000000000000000000000000000000000000 
	Parameter INIT_C bound to: 64'b0000000000000000000000000000000000000000000000000000000000000000 
	Parameter INIT_D bound to: 64'b0000000000000000000000000000000000000000000000000000000000000000 
	Parameter IS_WCLK_INVERTED bound to: 1'b0 
	Parameter INIT bound to: 1'b0 
	Parameter INIT bound to: 64'b0000000000010101001010011010101010101010101010101010101010101010 
	Parameter INIT bound to: 1'b0 
	Parameter INIT bound to: 64'b0000000000101010001001010010101010101010101010101010101010101010 
	Parameter INIT bound to: 1'b0 
	Parameter INIT bound to: 64'b0000000000101010001001010010101010101010101010101010101010101010 
	Parameter INIT bound to: 1'b0 
	Parameter INIT bound to: 64'b0000000000101010001001010010101010101010101010101010101010101010 
	Parameter INIT bound to: 1'b0 
	Parameter INIT bound to: 64'b0000000000101010001001010010101010101010101010101010101010101010 
	Parameter INIT bound to: 64'b1111111100000000111100001111000011001100110011001010101010101010 
	Parameter INIT bound to: 64'b1111111100000000111100001111000011001100110011001010101010101010 
	Parameter INIT bound to: 64'b0110100101101001011011101000101011001100110011000000000000000000 
	Parameter INIT bound to: 1'b0 
	Parameter INIT bound to: 1'b0 
	Parameter INIT bound to: 64'b1011111110111100100011111000110010110011101100001000001110000000 
	Parameter INIT bound to: 64'b1111111100000000111100001111000011001100110011001010101010101010 
	Parameter INIT bound to: 64'b1111111100000000111100001111000011001100110011001010101010101010 
	Parameter INIT bound to: 1'b0 
	Parameter INIT_A bound to: 64'b0000000000000000000000000000000000000000000000000000000000000000 
	Parameter INIT_B bound to: 64'b0000000000000000000000000000000000000000000000000000000000000000 
	Parameter INIT_C bound to: 64'b0000000000000000000000000000000000000000000000000000000000000000 
	Parameter INIT_D bound to: 64'b0000000000000000000000000000000000000000000000000000000000000000 
	Parameter IS_WCLK_INVERTED bound to: 1'b0 
	Parameter INIT bound to: 64'b0110100101101001011011101000101011001100110011000000000000000000 
	Parameter INIT bound to: 1'b0 
	Parameter INIT bound to: 1'b0 
	Parameter INIT bound to: 64'b1111111100000000111100001111000011001100110011001010101010101010 
	Parameter INIT bound to: 1'b0 
	Parameter INIT bound to: 64'b1111111100000000111100001111000011001100110011001010101010101010 
	Parameter INIT bound to: 64'b1111111100000000111100001111000011001100110011001010101010101010 
	Parameter INIT bound to: 64'b0110100101101001011011101000101011001100110011000000000000000000 
	Parameter INIT bound to: 1'b0 
	Parameter INIT bound to: 1'b0 
	Parameter INIT bound to: 64'b1111111100000000111100001111000011001100110011001010101010101010 
	Parameter INIT bound to: 64'b1111111100000000111100001111000011001100110011001010101010101010 
	Parameter INIT bound to: 1'b0 
	Parameter INIT bound to: 64'b0110100101101001011011101000101011001100110011000000000000000000 
	Parameter INIT bound to: 1'b0 
	Parameter INIT bound to: 1'b0 
	Parameter INIT bound to: 64'b1111111100000000111100001111000011001100110011001010101010101010 
	Parameter INIT bound to: 1'b0 
	Parameter INIT bound to: 64'b1111111100000000111100001111000011001100110011001010101010101010 
	Parameter INIT bound to: 64'b1111111100000000111100001111000011001100110011001010101010101010 
	Parameter INIT bound to: 64'b0110100101101001011011101000101011001100110011000000000000000000 
	Parameter INIT bound to: 1'b0 
	Parameter INIT bound to: 1'b0 
	Parameter INIT bound to: 64'b1111111100000000111100001111000011001100110011001010101010101010 
	Parameter INIT bound to: 64'b1111111100000000111100001111000011001100110011001010101010101010 
	Parameter INIT bound to: 1'b0 
	Parameter INIT_A bound to: 64'b0000000000000000000000000000000000000000000000000000000000000000 
	Parameter INIT_B bound to: 64'b0000000000000000000000000000000000000000000000000000000000000000 
	Parameter INIT_C bound to: 64'b0000000000000000000000000000000000000000000000000000000000000000 
	Parameter INIT_D bound to: 64'b0000000000000000000000000000000000000000000000000000000000000000 
	Parameter IS_WCLK_INVERTED bound to: 1'b0 
	Parameter INIT bound to: 64'b0110100101101001011011101000101011001100110011000000000000000000 
	Parameter INIT bound to: 1'b0 
	Parameter INIT bound to: 1'b0 
	Parameter INIT bound to: 64'b1111111100000000111100001111000011001100110011001010101010101010 
	Parameter INIT bound to: 1'b0 
	Parameter INIT bound to: 64'b1111111100000000111100001111000011001100110011001010101010101010 
	Parameter INIT bound to: 64'b1111111100000000111100001111000011001100110011001010101010101010 
	Parameter INIT bound to: 64'b0110100101101001011011101000101011001100110011000000000000000000 
	Parameter INIT bound to: 1'b0 
	Parameter INIT bound to: 1'b0 
	Parameter INIT bound to: 64'b1111111100000000111100001111000011001100110011001010101010101010 
	Parameter INIT bound to: 64'b1111111100000000111100001111000011001100110011001010101010101010 
	Parameter INIT bound to: 1'b0 
	Parameter INIT bound to: 64'b0110100101101001011011101000101011001100110011000000000000000000 
	Parameter INIT bound to: 1'b0 
	Parameter INIT bound to: 1'b0 
	Parameter INIT bound to: 64'b1111111100000000111100001111000011001100110011001010101010101010 
	Parameter INIT bound to: 1'b0 
	Parameter INIT_A bound to: 64'b0000000000000000000000000000000000000000000000000000000000000000 
	Parameter INIT_B bound to: 64'b0000000000000000000000000000000000000000000000000000000000000000 
	Parameter INIT_C bound to: 64'b0000000000000000000000000000000000000000000000000000000000000000 
	Parameter INIT_D bound to: 64'b0000000000000000000000000000000000000000000000000000000000000000 
	Parameter IS_WCLK_INVERTED bound to: 1'b0 
	Parameter INIT_A bound to: 64'b0000000000000000000000000000000000000000000000000000000000000000 
	Parameter INIT_B bound to: 64'b0000000000000000000000000000000000000000000000000000000000000000 
	Parameter INIT_C bound to: 64'b0000000000000000000000000000000000000000000000000000000000000000 
	Parameter INIT_D bound to: 64'b0000000000000000000000000000000000000000000000000000000000000000 
	Parameter IS_WCLK_INVERTED bound to: 1'b0 
INFO: [Synth 8-256] done synthesizing module 'kcpsm6' (5#1) [D:/Escritorio/PWM/KCPSM6_Release9_30Sept14/kcpsm6.vhd:111]
	Parameter C_FAMILY bound to: S6 - type: string 
	Parameter C_RAM_SIZE_KWORDS bound to: 1 - type: integer 
	Parameter C_JTAG_LOADER_ENABLE bound to: 0 - type: integer 
INFO: [Synth 8-3491] module 'pwm' declared at 'D:/Escritorio/PWM/KCPSM6_Release9_30Sept14/pwm.vhd:132' bound to instance 'mem_prog' of component 'pwm' [D:/Escritorio/PWM/PWM.srcs/sources_1/new/main.vhd:85]
INFO: [Synth 8-638] synthesizing module 'pwm' [D:/Escritorio/PWM/KCPSM6_Release9_30Sept14/pwm.vhd:143]
	Parameter C_FAMILY bound to: S6 - type: string 
	Parameter C_RAM_SIZE_KWORDS bound to: 1 - type: integer 
	Parameter C_JTAG_LOADER_ENABLE bound to: 0 - type: integer 
	Parameter DATA_WIDTH_A bound to: 18 - type: integer 
	Parameter DATA_WIDTH_B bound to: 18 - type: integer 
	Parameter DOA_REG bound to: 0 - type: integer 
	Parameter DOB_REG bound to: 0 - type: integer 
	Parameter EN_RSTRAM_A bound to: 0 - type: bool 
	Parameter EN_RSTRAM_B bound to: 0 - type: bool 
	Parameter INITP_00 bound to: 256'b0000000000000000000000000000000000000000000000000000000000000000000000000000000000000000000000000000000000000000000000000000000000000000000000000000000000000000000000000000000010101100000100100111010011010000010001000010110100110100000100010010100000100010 
	Parameter INITP_01 bound to: 256'b0000000000000000000000000000000000000000000000000000000000000000000000000000000000000000000000000000000000000000000000000000000000000000000000000000000000000000000000000000000000000000000000000000000000000000000000000000000000000000000000000000000000000000 
	Parameter INITP_02 bound to: 256'b0000000000000000000000000000000000000000000000000000000000000000000000000000000000000000000000000000000000000000000000000000000000000000000000000000000000000000000000000000000000000000000000000000000000000000000000000000000000000000000000000000000000000000 
	Parameter INITP_03 bound to: 256'b0000000000000000000000000000000000000000000000000000000000000000000000000000000000000000000000000000000000000000000000000000000000000000000000000000000000000000000000000000000000000000000000000000000000000000000000000000000000000000000000000000000000000000 
	Parameter INITP_04 bound to: 256'b0000000000000000000000000000000000000000000000000000000000000000000000000000000000000000000000000000000000000000000000000000000000000000000000000000000000000000000000000000000000000000000000000000000000000000000000000000000000000000000000000000000000000000 
	Parameter INITP_05 bound to: 256'b0000000000000000000000000000000000000000000000000000000000000000000000000000000000000000000000000000000000000000000000000000000000000000000000000000000000000000000000000000000000000000000000000000000000000000000000000000000000000000000000000000000000000000 
	Parameter INITP_06 bound to: 256'b0000000000000000000000000000000000000000000000000000000000000000000000000000000000000000000000000000000000000000000000000000000000000000000000000000000000000000000000000000000000000000000000000000000000000000000000000000000000000000000000000000000000000000 
	Parameter INITP_07 bound to: 256'b0000000000000000000000000000000000000000000000000000000000000000000000000000000000000000000000000000000000000000000000000000000000000000000000000000000000000000000000000000000000000000000000000000000000000000000000000000000000000000000000000000000000000000 
	Parameter INIT_00 bound to: 256'b0000010101010000011000000000101011010100110000110000010101010000000001010101000000010100000001010001010000000101000101010000000100010101000000001101000000000010101100000001000010010001000000001001000000000001110100110000010000010011000000001000000000000000 
	Parameter INIT_01 bound to: 256'b0001001100000001011000000001010111010001011001000000010101010000011000000001011111010100110000110000010101010000000001010101000000010100000001010001010000000101000101010000000100000101010100000000010101010000101100000000000001100000000010001100000101010000 
	Parameter INIT_02 bound to: 256'b0000000000000000000000000000000000000000000000000000000000000000000000000000000000000000000000000000000000000000000000000000000001010000000000000010000000000000011000000000010110010001000000001001000000000001110100110010100000000101010100001101001100000100 
	Parameter INIT_03 bound to: 256'b0000000000000000000000000000000000000000000000000000000000000000000000000000000000000000000000000000000000000000000000000000000000000000000000000000000000000000000000000000000000000000000000000000000000000000000000000000000000000000000000000000000000000000 
	Parameter INIT_04 bound to: 256'b0000000000000000000000000000000000000000000000000000000000000000000000000000000000000000000000000000000000000000000000000000000000000000000000000000000000000000000000000000000000000000000000000000000000000000000000000000000000000000000000000000000000000000 
	Parameter INIT_05 bound to: 256'b0000000000000000000000000000000000000000000000000000000000000000000000000000000000000000000000000000000000000000000000000000000000000000000000000000000000000000000000000000000000000000000000000000000000000000000000000000000000000000000000000000000000000000 
	Parameter INIT_06 bound to: 256'b0000000000000000000000000000000000000000000000000000000000000000000000000000000000000000000000000000000000000000000000000000000000000000000000000000000000000000000000000000000000000000000000000000000000000000000000000000000000000000000000000000000000000000 
	Parameter INIT_07 bound to: 256'b0000000000000000000000000000000000000000000000000000000000000000000000000000000000000000000000000000000000000000000000000000000000000000000000000000000000000000000000000000000000000000000000000000000000000000000000000000000000000000000000000000000000000000 
	Parameter INIT_08 bound to: 256'b0000000000000000000000000000000000000000000000000000000000000000000000000000000000000000000000000000000000000000000000000000000000000000000000000000000000000000000000000000000000000000000000000000000000000000000000000000000000000000000000000000000000000000 
	Parameter INIT_09 bound to: 256'b0000000000000000000000000000000000000000000000000000000000000000000000000000000000000000000000000000000000000000000000000000000000000000000000000000000000000000000000000000000000000000000000000000000000000000000000000000000000000000000000000000000000000000 
	Parameter INIT_0A bound to: 256'b0000000000000000000000000000000000000000000000000000000000000000000000000000000000000000000000000000000000000000000000000000000000000000000000000000000000000000000000000000000000000000000000000000000000000000000000000000000000000000000000000000000000000000 
	Parameter INIT_0B bound to: 256'b0000000000000000000000000000000000000000000000000000000000000000000000000000000000000000000000000000000000000000000000000000000000000000000000000000000000000000000000000000000000000000000000000000000000000000000000000000000000000000000000000000000000000000 
	Parameter INIT_0C bound to: 256'b0000000000000000000000000000000000000000000000000000000000000000000000000000000000000000000000000000000000000000000000000000000000000000000000000000000000000000000000000000000000000000000000000000000000000000000000000000000000000000000000000000000000000000 
	Parameter INIT_0D bound to: 256'b0000000000000000000000000000000000000000000000000000000000000000000000000000000000000000000000000000000000000000000000000000000000000000000000000000000000000000000000000000000000000000000000000000000000000000000000000000000000000000000000000000000000000000 
	Parameter INIT_0E bound to: 256'b0000000000000000000000000000000000000000000000000000000000000000000000000000000000000000000000000000000000000000000000000000000000000000000000000000000000000000000000000000000000000000000000000000000000000000000000000000000000000000000000000000000000000000 
	Parameter INIT_0F bound to: 256'b0000000000000000000000000000000000000000000000000000000000000000000000000000000000000000000000000000000000000000000000000000000000000000000000000000000000000000000000000000000000000000000000000000000000000000000000000000000000000000000000000000000000000000 
	Parameter INIT_10 bound to: 256'b0000000000000000000000000000000000000000000000000000000000000000000000000000000000000000000000000000000000000000000000000000000000000000000000000000000000000000000000000000000000000000000000000000000000000000000000000000000000000000000000000000000000000000 
	Parameter INIT_11 bound to: 256'b0000000000000000000000000000000000000000000000000000000000000000000000000000000000000000000000000000000000000000000000000000000000000000000000000000000000000000000000000000000000000000000000000000000000000000000000000000000000000000000000000000000000000000 
	Parameter INIT_12 bound to: 256'b0000000000000000000000000000000000000000000000000000000000000000000000000000000000000000000000000000000000000000000000000000000000000000000000000000000000000000000000000000000000000000000000000000000000000000000000000000000000000000000000000000000000000000 
	Parameter INIT_13 bound to: 256'b0000000000000000000000000000000000000000000000000000000000000000000000000000000000000000000000000000000000000000000000000000000000000000000000000000000000000000000000000000000000000000000000000000000000000000000000000000000000000000000000000000000000000000 
	Parameter INIT_14 bound to: 256'b0000000000000000000000000000000000000000000000000000000000000000000000000000000000000000000000000000000000000000000000000000000000000000000000000000000000000000000000000000000000000000000000000000000000000000000000000000000000000000000000000000000000000000 
	Parameter INIT_15 bound to: 256'b0000000000000000000000000000000000000000000000000000000000000000000000000000000000000000000000000000000000000000000000000000000000000000000000000000000000000000000000000000000000000000000000000000000000000000000000000000000000000000000000000000000000000000 
	Parameter INIT_16 bound to: 256'b0000000000000000000000000000000000000000000000000000000000000000000000000000000000000000000000000000000000000000000000000000000000000000000000000000000000000000000000000000000000000000000000000000000000000000000000000000000000000000000000000000000000000000 
	Parameter INIT_17 bound to: 256'b0000000000000000000000000000000000000000000000000000000000000000000000000000000000000000000000000000000000000000000000000000000000000000000000000000000000000000000000000000000000000000000000000000000000000000000000000000000000000000000000000000000000000000 
	Parameter INIT_18 bound to: 256'b0000000000000000000000000000000000000000000000000000000000000000000000000000000000000000000000000000000000000000000000000000000000000000000000000000000000000000000000000000000000000000000000000000000000000000000000000000000000000000000000000000000000000000 
	Parameter INIT_19 bound to: 256'b0000000000000000000000000000000000000000000000000000000000000000000000000000000000000000000000000000000000000000000000000000000000000000000000000000000000000000000000000000000000000000000000000000000000000000000000000000000000000000000000000000000000000000 
	Parameter INIT_1A bound to: 256'b0000000000000000000000000000000000000000000000000000000000000000000000000000000000000000000000000000000000000000000000000000000000000000000000000000000000000000000000000000000000000000000000000000000000000000000000000000000000000000000000000000000000000000 
	Parameter INIT_1B bound to: 256'b0000000000000000000000000000000000000000000000000000000000000000000000000000000000000000000000000000000000000000000000000000000000000000000000000000000000000000000000000000000000000000000000000000000000000000000000000000000000000000000000000000000000000000 
	Parameter INIT_1C bound to: 256'b0000000000000000000000000000000000000000000000000000000000000000000000000000000000000000000000000000000000000000000000000000000000000000000000000000000000000000000000000000000000000000000000000000000000000000000000000000000000000000000000000000000000000000 
	Parameter INIT_1D bound to: 256'b0000000000000000000000000000000000000000000000000000000000000000000000000000000000000000000000000000000000000000000000000000000000000000000000000000000000000000000000000000000000000000000000000000000000000000000000000000000000000000000000000000000000000000 
	Parameter INIT_1E bound to: 256'b0000000000000000000000000000000000000000000000000000000000000000000000000000000000000000000000000000000000000000000000000000000000000000000000000000000000000000000000000000000000000000000000000000000000000000000000000000000000000000000000000000000000000000 
	Parameter INIT_1F bound to: 256'b0000000000000000000000000000000000000000000000000000000000000000000000000000000000000000000000000000000000000000000000000000000000000000000000000000000000000000000000000000000000000000000000000000000000000000000000000000000000000000000000000000000000000000 
	Parameter INIT_20 bound to: 256'b0000000000000000000000000000000000000000000000000000000000000000000000000000000000000000000000000000000000000000000000000000000000000000000000000000000000000000000000000000000000000000000000000000000000000000000000000000000000000000000000000000000000000000 
	Parameter INIT_21 bound to: 256'b0000000000000000000000000000000000000000000000000000000000000000000000000000000000000000000000000000000000000000000000000000000000000000000000000000000000000000000000000000000000000000000000000000000000000000000000000000000000000000000000000000000000000000 
	Parameter INIT_22 bound to: 256'b0000000000000000000000000000000000000000000000000000000000000000000000000000000000000000000000000000000000000000000000000000000000000000000000000000000000000000000000000000000000000000000000000000000000000000000000000000000000000000000000000000000000000000 
	Parameter INIT_23 bound to: 256'b0000000000000000000000000000000000000000000000000000000000000000000000000000000000000000000000000000000000000000000000000000000000000000000000000000000000000000000000000000000000000000000000000000000000000000000000000000000000000000000000000000000000000000 
	Parameter INIT_24 bound to: 256'b0000000000000000000000000000000000000000000000000000000000000000000000000000000000000000000000000000000000000000000000000000000000000000000000000000000000000000000000000000000000000000000000000000000000000000000000000000000000000000000000000000000000000000 
	Parameter INIT_25 bound to: 256'b0000000000000000000000000000000000000000000000000000000000000000000000000000000000000000000000000000000000000000000000000000000000000000000000000000000000000000000000000000000000000000000000000000000000000000000000000000000000000000000000000000000000000000 
	Parameter INIT_26 bound to: 256'b0000000000000000000000000000000000000000000000000000000000000000000000000000000000000000000000000000000000000000000000000000000000000000000000000000000000000000000000000000000000000000000000000000000000000000000000000000000000000000000000000000000000000000 
	Parameter INIT_27 bound to: 256'b0000000000000000000000000000000000000000000000000000000000000000000000000000000000000000000000000000000000000000000000000000000000000000000000000000000000000000000000000000000000000000000000000000000000000000000000000000000000000000000000000000000000000000 
	Parameter INIT_28 bound to: 256'b0000000000000000000000000000000000000000000000000000000000000000000000000000000000000000000000000000000000000000000000000000000000000000000000000000000000000000000000000000000000000000000000000000000000000000000000000000000000000000000000000000000000000000 
	Parameter INIT_29 bound to: 256'b0000000000000000000000000000000000000000000000000000000000000000000000000000000000000000000000000000000000000000000000000000000000000000000000000000000000000000000000000000000000000000000000000000000000000000000000000000000000000000000000000000000000000000 
	Parameter INIT_2A bound to: 256'b0000000000000000000000000000000000000000000000000000000000000000000000000000000000000000000000000000000000000000000000000000000000000000000000000000000000000000000000000000000000000000000000000000000000000000000000000000000000000000000000000000000000000000 
	Parameter INIT_2B bound to: 256'b0000000000000000000000000000000000000000000000000000000000000000000000000000000000000000000000000000000000000000000000000000000000000000000000000000000000000000000000000000000000000000000000000000000000000000000000000000000000000000000000000000000000000000 
	Parameter INIT_2C bound to: 256'b0000000000000000000000000000000000000000000000000000000000000000000000000000000000000000000000000000000000000000000000000000000000000000000000000000000000000000000000000000000000000000000000000000000000000000000000000000000000000000000000000000000000000000 
	Parameter INIT_2D bound to: 256'b0000000000000000000000000000000000000000000000000000000000000000000000000000000000000000000000000000000000000000000000000000000000000000000000000000000000000000000000000000000000000000000000000000000000000000000000000000000000000000000000000000000000000000 
	Parameter INIT_2E bound to: 256'b0000000000000000000000000000000000000000000000000000000000000000000000000000000000000000000000000000000000000000000000000000000000000000000000000000000000000000000000000000000000000000000000000000000000000000000000000000000000000000000000000000000000000000 
	Parameter INIT_2F bound to: 256'b0000000000000000000000000000000000000000000000000000000000000000000000000000000000000000000000000000000000000000000000000000000000000000000000000000000000000000000000000000000000000000000000000000000000000000000000000000000000000000000000000000000000000000 
	Parameter INIT_30 bound to: 256'b0000000000000000000000000000000000000000000000000000000000000000000000000000000000000000000000000000000000000000000000000000000000000000000000000000000000000000000000000000000000000000000000000000000000000000000000000000000000000000000000000000000000000000 
	Parameter INIT_31 bound to: 256'b0000000000000000000000000000000000000000000000000000000000000000000000000000000000000000000000000000000000000000000000000000000000000000000000000000000000000000000000000000000000000000000000000000000000000000000000000000000000000000000000000000000000000000 
	Parameter INIT_32 bound to: 256'b0000000000000000000000000000000000000000000000000000000000000000000000000000000000000000000000000000000000000000000000000000000000000000000000000000000000000000000000000000000000000000000000000000000000000000000000000000000000000000000000000000000000000000 
	Parameter INIT_33 bound to: 256'b0000000000000000000000000000000000000000000000000000000000000000000000000000000000000000000000000000000000000000000000000000000000000000000000000000000000000000000000000000000000000000000000000000000000000000000000000000000000000000000000000000000000000000 
	Parameter INIT_34 bound to: 256'b0000000000000000000000000000000000000000000000000000000000000000000000000000000000000000000000000000000000000000000000000000000000000000000000000000000000000000000000000000000000000000000000000000000000000000000000000000000000000000000000000000000000000000 
	Parameter INIT_35 bound to: 256'b0000000000000000000000000000000000000000000000000000000000000000000000000000000000000000000000000000000000000000000000000000000000000000000000000000000000000000000000000000000000000000000000000000000000000000000000000000000000000000000000000000000000000000 
	Parameter INIT_36 bound to: 256'b0000000000000000000000000000000000000000000000000000000000000000000000000000000000000000000000000000000000000000000000000000000000000000000000000000000000000000000000000000000000000000000000000000000000000000000000000000000000000000000000000000000000000000 
	Parameter INIT_37 bound to: 256'b0000000000000000000000000000000000000000000000000000000000000000000000000000000000000000000000000000000000000000000000000000000000000000000000000000000000000000000000000000000000000000000000000000000000000000000000000000000000000000000000000000000000000000 
	Parameter INIT_38 bound to: 256'b0000000000000000000000000000000000000000000000000000000000000000000000000000000000000000000000000000000000000000000000000000000000000000000000000000000000000000000000000000000000000000000000000000000000000000000000000000000000000000000000000000000000000000 
	Parameter INIT_39 bound to: 256'b0000000000000000000000000000000000000000000000000000000000000000000000000000000000000000000000000000000000000000000000000000000000000000000000000000000000000000000000000000000000000000000000000000000000000000000000000000000000000000000000000000000000000000 
	Parameter INIT_3A bound to: 256'b0000000000000000000000000000000000000000000000000000000000000000000000000000000000000000000000000000000000000000000000000000000000000000000000000000000000000000000000000000000000000000000000000000000000000000000000000000000000000000000000000000000000000000 
	Parameter INIT_3B bound to: 256'b0000000000000000000000000000000000000000000000000000000000000000000000000000000000000000000000000000000000000000000000000000000000000000000000000000000000000000000000000000000000000000000000000000000000000000000000000000000000000000000000000000000000000000 
	Parameter INIT_3C bound to: 256'b0000000000000000000000000000000000000000000000000000000000000000000000000000000000000000000000000000000000000000000000000000000000000000000000000000000000000000000000000000000000000000000000000000000000000000000000000000000000000000000000000000000000000000 
	Parameter INIT_3D bound to: 256'b0000000000000000000000000000000000000000000000000000000000000000000000000000000000000000000000000000000000000000000000000000000000000000000000000000000000000000000000000000000000000000000000000000000000000000000000000000000000000000000000000000000000000000 
	Parameter INIT_3E bound to: 256'b0000000000000000000000000000000000000000000000000000000000000000000000000000000000000000000000000000000000000000000000000000000000000000000000000000000000000000000000000000000000000000000000000000000000000000000000000000000000000000000000000000000000000000 
	Parameter INIT_3F bound to: 256'b0000000000000000000000000000000000000000000000000000000000000000000000000000000000000000000000000000000000000000000000000000000000000000000000000000000000000000000000000000000000000000000000000000000000000000000000000000000000000000000000000000000000000000 
	Parameter INIT_A bound to: 36'b000000000000000000000000000000000000 
	Parameter INIT_B bound to: 36'b000000000000000000000000000000000000 
	Parameter INIT_FILE bound to: NONE - type: string 
	Parameter RSTTYPE bound to: SYNC - type: string 
	Parameter RST_PRIORITY_A bound to: CE - type: string 
	Parameter RST_PRIORITY_B bound to: CE - type: string 
	Parameter SETUP_ALL bound to: 64'b0000000000000000000000000000000000000000000011110100001001000000 
	Parameter SETUP_READ_FIRST bound to: 64'b0000000000000000000000000000000000000000001011011100011011000000 
	Parameter SIM_COLLISION_CHECK bound to: ALL - type: string 
	Parameter SIM_DEVICE bound to: SPARTAN6 - type: string 
	Parameter SRVAL_A bound to: 36'b000000000000000000000000000000000000 
	Parameter SRVAL_B bound to: 36'b000000000000000000000000000000000000 
	Parameter WRITE_MODE_A bound to: WRITE_FIRST - type: string 
	Parameter WRITE_MODE_B bound to: WRITE_FIRST - type: string 
INFO: [Synth 8-256] done synthesizing module 'pwm' (6#1) [D:/Escritorio/PWM/KCPSM6_Release9_30Sept14/pwm.vhd:143]
INFO: [Synth 8-3491] module 'flipflop' declared at 'D:/Escritorio/PWM/PWM.srcs/sources_1/new/ff.vhd:34' bound to instance 'ff_in' of component 'flipflop' [D:/Escritorio/PWM/PWM.srcs/sources_1/new/main.vhd:87]
INFO: [Synth 8-638] synthesizing module 'flipflop' [D:/Escritorio/PWM/PWM.srcs/sources_1/new/ff.vhd:42]
INFO: [Synth 8-256] done synthesizing module 'flipflop' (7#1) [D:/Escritorio/PWM/PWM.srcs/sources_1/new/ff.vhd:42]
INFO: [Synth 8-3491] module 'flipflop' declared at 'D:/Escritorio/PWM/PWM.srcs/sources_1/new/ff.vhd:34' bound to instance 'ff_pwm' of component 'flipflop' [D:/Escritorio/PWM/PWM.srcs/sources_1/new/main.vhd:89]
INFO: [Synth 8-3491] module 'flipflop' declared at 'D:/Escritorio/PWM/PWM.srcs/sources_1/new/ff.vhd:34' bound to instance 'ff_display' of component 'flipflop' [D:/Escritorio/PWM/PWM.srcs/sources_1/new/main.vhd:91]
INFO: [Synth 8-3491] module 'flipflop' declared at 'D:/Escritorio/PWM/PWM.srcs/sources_1/new/ff.vhd:34' bound to instance 'ff_address' of component 'flipflop' [D:/Escritorio/PWM/PWM.srcs/sources_1/new/main.vhd:93]
INFO: [Synth 8-256] done synthesizing module 'main' (8#1) [D:/Escritorio/PWM/PWM.srcs/sources_1/new/main.vhd:23]
---------------------------------------------------------------------------------
Finished RTL Elaboration : Time (s): cpu = 00:00:08 ; elapsed = 00:00:11 . Memory (MB): peak = 1591.961 ; gain = 295.934
---------------------------------------------------------------------------------
---------------------------------------------------------------------------------
Start Handling Custom Attributes
---------------------------------------------------------------------------------
---------------------------------------------------------------------------------
Finished Handling Custom Attributes : Time (s): cpu = 00:00:09 ; elapsed = 00:00:12 . Memory (MB): peak = 1591.961 ; gain = 295.934
---------------------------------------------------------------------------------
---------------------------------------------------------------------------------
Finished RTL Optimization Phase 1 : Time (s): cpu = 00:00:09 ; elapsed = 00:00:12 . Memory (MB): peak = 1591.961 ; gain = 295.934
---------------------------------------------------------------------------------
INFO: [Project 1-454] Reading design checkpoint 'd:/Escritorio/PWM/PWM.srcs/sources_1/ip/dist_mem_gen_0/dist_mem_gen_0.dcp' for cell 'memoria_porc/magnitudes'
Netlist sorting complete. Time (s): cpu = 00:00:00 ; elapsed = 00:00:00.007 . Memory (MB): peak = 1591.961 ; gain = 0.000
INFO: [Netlist 29-17] Analyzing 180 Unisim elements for replacement
INFO: [Netlist 29-28] Unisim Transformation completed in 0 CPU seconds
INFO: [Project 1-479] Netlist was created with Vivado 2020.1
INFO: [Project 1-570] Preparing netlist for logic optimization

Processing XDC Constraints
Initializing timing engine
Parsing XDC File [D:/Escritorio/PWM/PWM.srcs/constrs_1/new/ports.xdc]
WARNING: [Vivado 12-584] No ports matched 'port_id_sal'. [D:/Escritorio/PWM/PWM.srcs/constrs_1/new/ports.xdc:22]
WARNING: [Vivado 12-584] No ports matched 'w_e'. [D:/Escritorio/PWM/PWM.srcs/constrs_1/new/ports.xdc:23]
WARNING: [Vivado 12-584] No ports matched 'port_id_sal'. [D:/Escritorio/PWM/PWM.srcs/constrs_1/new/ports.xdc:24]
WARNING: [Vivado 12-584] No ports matched 'w_e'. [D:/Escritorio/PWM/PWM.srcs/constrs_1/new/ports.xdc:25]
Finished Parsing XDC File [D:/Escritorio/PWM/PWM.srcs/constrs_1/new/ports.xdc]
WARNING: [Project 1-498] One or more constraints failed evaluation while reading constraint file [D:/Escritorio/PWM/PWM.srcs/constrs_1/new/ports.xdc] and the design contains unresolved black boxes. These constraints will be read post-synthesis (as long as their source constraint file is marked as used_in_implementation) and should be applied correctly then. You should review the constraints listed in the file [.Xil/main_propImpl.xdc] and check the run log file to verify that these constraints were correctly applied.
Completed Processing XDC Constraints

INFO: [Opt 31-138] Pushed 0 inverter(s) to 0 load pin(s).
Netlist sorting complete. Time (s): cpu = 00:00:00 ; elapsed = 00:00:00.001 . Memory (MB): peak = 1725.738 ; gain = 0.000
INFO: [Project 1-111] Unisim Transformation Summary:
  A total of 134 instances were transformed.
  (MUXCY,XORCY) => CARRY4: 10 instances
  FD => FDRE: 48 instances
  FDR => FDRE: 20 instances
  LUT6_2 => LUT6_2 (LUT5, LUT6): 50 instances
  RAM32M => RAM32M (RAMD32(x6), RAMS32(x2)): 4 instances
  RAM64M => RAM64M (RAMD64E(x4)): 2 instances

RTL Elaboration Complete:  : Time (s): cpu = 00:00:22 ; elapsed = 00:00:19 . Memory (MB): peak = 1725.738 ; gain = 429.711
137 Infos, 5 Warnings, 0 Critical Warnings and 0 Errors encountered.
synth_design completed successfully
synth_design: Time (s): cpu = 00:00:27 ; elapsed = 00:00:29 . Memory (MB): peak = 1725.738 ; gain = 692.879
reset_run synth_1
launch_runs impl_1 -to_step write_bitstream -jobs 4
[Wed May 24 13:45:03 2023] Launched synth_1...
Run output will be captured here: D:/Escritorio/PWM/PWM.runs/synth_1/runme.log
[Wed May 24 13:45:03 2023] Launched impl_1...
Run output will be captured here: D:/Escritorio/PWM/PWM.runs/impl_1/runme.log
open_run synth_1 -name synth_1
Design is defaulting to impl run constrset: constrs_1
Design is defaulting to synth run part: xc7a100tcsg324-1
INFO: [Project 1-454] Reading design checkpoint 'd:/Escritorio/PWM/PWM.srcs/sources_1/ip/dist_mem_gen_0/dist_mem_gen_0.dcp' for cell 'memoria_porc/magnitudes'
Netlist sorting complete. Time (s): cpu = 00:00:00 ; elapsed = 00:00:00.009 . Memory (MB): peak = 1773.363 ; gain = 0.000
INFO: [Netlist 29-17] Analyzing 66 Unisim elements for replacement
INFO: [Netlist 29-28] Unisim Transformation completed in 0 CPU seconds
INFO: [Project 1-479] Netlist was created with Vivado 2020.1
INFO: [Project 1-570] Preparing netlist for logic optimization
Parsing XDC File [D:/Escritorio/PWM/PWM.srcs/constrs_1/new/ports.xdc]
WARNING: [Vivado 12-584] No ports matched 'port_id_sal'. [D:/Escritorio/PWM/PWM.srcs/constrs_1/new/ports.xdc:22]
CRITICAL WARNING: [Common 17-55] 'set_property' expects at least one object. [D:/Escritorio/PWM/PWM.srcs/constrs_1/new/ports.xdc:22]
Resolution: If [get_<value>] was used to populate the object, check to make sure this command returns at least one valid object.
WARNING: [Vivado 12-584] No ports matched 'w_e'. [D:/Escritorio/PWM/PWM.srcs/constrs_1/new/ports.xdc:23]
CRITICAL WARNING: [Common 17-55] 'set_property' expects at least one object. [D:/Escritorio/PWM/PWM.srcs/constrs_1/new/ports.xdc:23]
Resolution: If [get_<value>] was used to populate the object, check to make sure this command returns at least one valid object.
WARNING: [Vivado 12-584] No ports matched 'port_id_sal'. [D:/Escritorio/PWM/PWM.srcs/constrs_1/new/ports.xdc:24]
CRITICAL WARNING: [Common 17-55] 'set_property' expects at least one object. [D:/Escritorio/PWM/PWM.srcs/constrs_1/new/ports.xdc:24]
Resolution: If [get_<value>] was used to populate the object, check to make sure this command returns at least one valid object.
WARNING: [Vivado 12-584] No ports matched 'w_e'. [D:/Escritorio/PWM/PWM.srcs/constrs_1/new/ports.xdc:25]
CRITICAL WARNING: [Common 17-55] 'set_property' expects at least one object. [D:/Escritorio/PWM/PWM.srcs/constrs_1/new/ports.xdc:25]
Resolution: If [get_<value>] was used to populate the object, check to make sure this command returns at least one valid object.
Finished Parsing XDC File [D:/Escritorio/PWM/PWM.srcs/constrs_1/new/ports.xdc]
INFO: [Opt 31-138] Pushed 0 inverter(s) to 0 load pin(s).
CRITICAL WARNING: [Project 1-486] Could not resolve non-primitive black box cell 'RAMB16BWER' instantiated as 'mem_prog/ram_1k_generate.s6.kcpsm6_rom' [D:/Escritorio/PWM/KCPSM6_Release9_30Sept14/pwm.vhd:253]
Netlist sorting complete. Time (s): cpu = 00:00:00 ; elapsed = 00:00:00.001 . Memory (MB): peak = 1797.504 ; gain = 0.000
INFO: [Project 1-111] Unisim Transformation Summary:
  A total of 56 instances were transformed.
  LUT6_2 => LUT6_2 (LUT5, LUT6): 50 instances
  RAM32M => RAM32M (RAMD32(x6), RAMS32(x2)): 4 instances
  RAM64M => RAM64M (RAMD64E(x4)): 2 instances

setup_pr_configurations -v -use_netlist -force
ERROR: [Common 17-69] Command failed: Enable PR_FLOW property on project to execute PR Flow TCL Commands
open_run synth_1 -name synth_1 -pr_config [current_pr_configuration]
ERROR: [Common 17-69] Command failed: Enable PR_FLOW property on project to execute PR Flow TCL Commands
open_run synth_1 -name synth_1 -pr_config
ERROR: [Common 17-157] Error parsing command line options, please type 'open_run -help' for usage info.
exit
INFO: [Common 17-206] Exiting Vivado at Wed May 24 14:03:59 2023...
