#-----------------------------------------------------------
# Vivado v2020.1 (64-bit)
# SW Build 2902540 on Wed May 27 19:54:49 MDT 2020
# IP Build 2902112 on Wed May 27 22:43:36 MDT 2020
# Start of session at: Mon Nov  4 15:36:37 2024
# Process ID: 12248
# Current directory: C:/Users/Scort/OneDrive/Documentos/santiago cortes tovar/ELECTRONICA/5.quinto semestre/SDI-2/IP_RAM/IPRAM
# Command line: vivado.exe -gui_launcher_event rodinguilauncherevent5152 C:\Users\Scort\OneDrive\Documentos\santiago cortes tovar\ELECTRONICA\5.quinto semestre\SDI-2\IP_RAM\IPRAM\IPRAM.xpr
# Log file: C:/Users/Scort/OneDrive/Documentos/santiago cortes tovar/ELECTRONICA/5.quinto semestre/SDI-2/IP_RAM/IPRAM/vivado.log
# Journal file: C:/Users/Scort/OneDrive/Documentos/santiago cortes tovar/ELECTRONICA/5.quinto semestre/SDI-2/IP_RAM/IPRAM\vivado.jou
#-----------------------------------------------------------
start_gui
open_project {C:/Users/Scort/OneDrive/Documentos/santiago cortes tovar/ELECTRONICA/5.quinto semestre/SDI-2/IP_RAM/IPRAM/IPRAM.xpr}
INFO: [ProjectBase 1-489] The host OS only allows 260 characters in a normal path. The project is stored in a path with more than 80 characters. If you experience issues with IP, Block Designs, or files not being found, please consider moving the project to a location with a shorter path. Alternately consider using the OS subst command to map part of the path to a drive letter.
Current project path is 'C:/Users/Scort/OneDrive/Documentos/santiago cortes tovar/ELECTRONICA/5.quinto semestre/SDI-2/IP_RAM/IPRAM'
INFO: [Project 1-313] Project file moved from 'C:/Users/Scort/Downloads/IPRAM/IPRAM' since last save.
Scanning sources...
Finished scanning sources
INFO: [filemgmt 56-1] Board Part Repository Path: Directory not found as 'C:/Users/Scort/OneDrive/Documentos/santiago cortes tovar/ELECTRONICA/5.quinto semestre/AppData/Roaming/Xilinx/Vivado/2020.1/xhub/board_store/xilinx_board_store'; using path 'C:/Users/Scort/AppData/Roaming/Xilinx/Vivado/2020.1/xhub/board_store/xilinx_board_store' instead.
INFO: [IP_Flow 19-234] Refreshing IP repositories
INFO: [IP_Flow 19-1704] No user IP repositories specified
INFO: [IP_Flow 19-2313] Loaded Vivado IP repository 'C:/Xilinx/Vivado/2020.1/data/ip'.
open_project: Time (s): cpu = 00:00:06 ; elapsed = 00:00:06 . Memory (MB): peak = 1035.090 ; gain = 0.000
update_compile_order -fileset sources_1
exit
INFO: [Common 17-206] Exiting Vivado at Mon Nov  4 15:37:52 2024...
