#-----------------------------------------------------------
# Vivado v2020.1 (64-bit)
# SW Build 2902540 on Wed May 27 19:54:49 MDT 2020
# IP Build 2902112 on Wed May 27 22:43:36 MDT 2020
# Start of session at: Mon Mar  6 22:29:58 2023
# Process ID: 27188
# Current directory: C:/Users/Scort/OneDrive/Documentos/santiago cortes tovar/trabajos/quinto semestre/SDI-2/decode/deco
# Command line: vivado.exe -gui_launcher_event rodinguilauncherevent19664 C:\Users\Scort\OneDrive\Documentos\santiago cortes tovar\trabajos\quinto semestre\SDI-2\decode\deco\deco.xpr
# Log file: C:/Users/Scort/OneDrive/Documentos/santiago cortes tovar/trabajos/quinto semestre/SDI-2/decode/deco/vivado.log
# Journal file: C:/Users/Scort/OneDrive/Documentos/santiago cortes tovar/trabajos/quinto semestre/SDI-2/decode/deco\vivado.jou
#-----------------------------------------------------------
start_gui
open_project {C:/Users/Scort/OneDrive/Documentos/santiago cortes tovar/trabajos/quinto semestre/SDI-2/decode/deco/deco.xpr}
INFO: [ProjectBase 1-489] The host OS only allows 260 characters in a normal path. The project is stored in a path with more than 80 characters. If you experience issues with IP, Block Designs, or files not being found, please consider moving the project to a location with a shorter path. Alternately consider using the OS subst command to map part of the path to a drive letter.
Current project path is 'C:/Users/Scort/OneDrive/Documentos/santiago cortes tovar/trabajos/quinto semestre/SDI-2/decode/deco'
Scanning sources...
Finished scanning sources
INFO: [IP_Flow 19-234] Refreshing IP repositories
INFO: [IP_Flow 19-1704] No user IP repositories specified
INFO: [IP_Flow 19-2313] Loaded Vivado IP repository 'C:/Xilinx/Vivado/2020.1/data/ip'.
open_project: Time (s): cpu = 00:00:18 ; elapsed = 00:00:21 . Memory (MB): peak = 1023.348 ; gain = 0.000
update_compile_order -fileset sources_1
close [ open {C:/Users/Scort/OneDrive/Documentos/santiago cortes tovar/trabajos/quinto semestre/SDI-2/decode/deco/deco.srcs/sources_1/new/packege.vhd} w ]
add_files {{C:/Users/Scort/OneDrive/Documentos/santiago cortes tovar/trabajos/quinto semestre/SDI-2/decode/deco/deco.srcs/sources_1/new/packege.vhd}}
update_compile_order -fileset sources_1
export_ip_user_files -of_objects  [get_files {{C:/Users/Scort/OneDrive/Documentos/santiago cortes tovar/trabajos/quinto semestre/SDI-2/decode/deco/deco.srcs/sources_1/new/packege.vhd}}] -no_script -reset -force -quiet
remove_files  {{C:/Users/Scort/OneDrive/Documentos/santiago cortes tovar/trabajos/quinto semestre/SDI-2/decode/deco/deco.srcs/sources_1/new/packege.vhd}}
close [ open {C:/Users/Scort/OneDrive/Documentos/santiago cortes tovar/trabajos/quinto semestre/SDI-2/decode/deco/deco.srcs/sources_1/new/paquete.vhd} w ]
add_files {{C:/Users/Scort/OneDrive/Documentos/santiago cortes tovar/trabajos/quinto semestre/SDI-2/decode/deco/deco.srcs/sources_1/new/paquete.vhd}}
update_compile_order -fileset sources_1
update_compile_order -fileset sources_1
update_compile_order -fileset sources_1
update_compile_order -fileset sources_1
update_compile_order -fileset sources_1
update_compile_order -fileset sources_1
update_compile_order -fileset sources_1
update_compile_order -fileset sources_1
update_compile_order -fileset sources_1
launch_runs impl_1 -jobs 2
[Mon Mar  6 22:50:13 2023] Launched synth_1...
Run output will be captured here: C:/Users/Scort/OneDrive/Documentos/santiago cortes tovar/trabajos/quinto semestre/SDI-2/decode/deco/deco.runs/synth_1/runme.log
[Mon Mar  6 22:50:13 2023] Launched impl_1...
Run output will be captured here: C:/Users/Scort/OneDrive/Documentos/santiago cortes tovar/trabajos/quinto semestre/SDI-2/decode/deco/deco.runs/impl_1/runme.log
reset_run synth_1
launch_runs impl_1 -jobs 2
[Mon Mar  6 22:51:17 2023] Launched synth_1...
Run output will be captured here: C:/Users/Scort/OneDrive/Documentos/santiago cortes tovar/trabajos/quinto semestre/SDI-2/decode/deco/deco.runs/synth_1/runme.log
[Mon Mar  6 22:51:17 2023] Launched impl_1...
Run output will be captured here: C:/Users/Scort/OneDrive/Documentos/santiago cortes tovar/trabajos/quinto semestre/SDI-2/decode/deco/deco.runs/impl_1/runme.log
reset_run synth_1
launch_runs impl_1 -jobs 2
[Mon Mar  6 22:54:34 2023] Launched synth_1...
Run output will be captured here: C:/Users/Scort/OneDrive/Documentos/santiago cortes tovar/trabajos/quinto semestre/SDI-2/decode/deco/deco.runs/synth_1/runme.log
[Mon Mar  6 22:54:34 2023] Launched impl_1...
Run output will be captured here: C:/Users/Scort/OneDrive/Documentos/santiago cortes tovar/trabajos/quinto semestre/SDI-2/decode/deco/deco.runs/impl_1/runme.log
reset_run synth_1
launch_runs impl_1 -jobs 2
[Mon Mar  6 22:57:13 2023] Launched synth_1...
Run output will be captured here: C:/Users/Scort/OneDrive/Documentos/santiago cortes tovar/trabajos/quinto semestre/SDI-2/decode/deco/deco.runs/synth_1/runme.log
[Mon Mar  6 22:57:13 2023] Launched impl_1...
Run output will be captured here: C:/Users/Scort/OneDrive/Documentos/santiago cortes tovar/trabajos/quinto semestre/SDI-2/decode/deco/deco.runs/impl_1/runme.log
reset_run synth_1
launch_runs impl_1 -jobs 2
[Mon Mar  6 23:01:14 2023] Launched synth_1...
Run output will be captured here: C:/Users/Scort/OneDrive/Documentos/santiago cortes tovar/trabajos/quinto semestre/SDI-2/decode/deco/deco.runs/synth_1/runme.log
[Mon Mar  6 23:01:14 2023] Launched impl_1...
Run output will be captured here: C:/Users/Scort/OneDrive/Documentos/santiago cortes tovar/trabajos/quinto semestre/SDI-2/decode/deco/deco.runs/impl_1/runme.log
reset_run synth_1
launch_runs impl_1 -jobs 2
[Mon Mar  6 23:22:55 2023] Launched synth_1...
Run output will be captured here: C:/Users/Scort/OneDrive/Documentos/santiago cortes tovar/trabajos/quinto semestre/SDI-2/decode/deco/deco.runs/synth_1/runme.log
[Mon Mar  6 23:22:55 2023] Launched impl_1...
Run output will be captured here: C:/Users/Scort/OneDrive/Documentos/santiago cortes tovar/trabajos/quinto semestre/SDI-2/decode/deco/deco.runs/impl_1/runme.log
open_run impl_1
INFO: [Device 21-403] Loading part xc7a100tcsg324-1
Netlist sorting complete. Time (s): cpu = 00:00:00 ; elapsed = 00:00:00 . Memory (MB): peak = 1353.289 ; gain = 0.000
INFO: [Project 1-479] Netlist was created with Vivado 2020.1
INFO: [Project 1-570] Preparing netlist for logic optimization
Reading XDEF placement.
Reading placer database...
Reading XDEF routing.
Read XDEF File: Time (s): cpu = 00:00:00 ; elapsed = 00:00:00.049 . Memory (MB): peak = 1434.156 ; gain = 0.000
Restored from archive | CPU: 0.000000 secs | Memory: 0.000000 MB |
Finished XDEF File Restore: Time (s): cpu = 00:00:00 ; elapsed = 00:00:00.050 . Memory (MB): peak = 1434.156 ; gain = 0.137
Netlist sorting complete. Time (s): cpu = 00:00:00 ; elapsed = 00:00:00 . Memory (MB): peak = 1434.430 ; gain = 0.000
INFO: [Project 1-111] Unisim Transformation Summary:
No Unisim elements were transformed.

open_run: Time (s): cpu = 00:00:13 ; elapsed = 00:00:17 . Memory (MB): peak = 1558.086 ; gain = 379.070
WARNING: [Timing 38-313] There are no user specified timing constraints. Timing constraints are needed for proper timing analysis.
set_property IOSTANDARD LVCMOS33 [get_ports [list {outs[3]} {outs[2]} {outs[1]} {outs[0]}]]
set_property IOSTANDARD LVCMOS33 [get_ports [list {selector[2]} {selector[1]} {selector[0]}]]
place_ports {outs[0]} H17
place_ports {outs[1]} K15
place_ports {outs[2]} J13
place_ports {outs[3]} N14
place_ports {selector[0]} J15
place_ports {selector[1]} L16
place_ports {selector[2]} M13
set_property IOSTANDARD LVCMOS33 [get_ports [list cin]]
place_ports cin R15
file mkdir {C:/Users/Scort/OneDrive/Documentos/santiago cortes tovar/trabajos/quinto semestre/SDI-2/decode/deco/deco.srcs/constrs_1/new}
close [ open {C:/Users/Scort/OneDrive/Documentos/santiago cortes tovar/trabajos/quinto semestre/SDI-2/decode/deco/deco.srcs/constrs_1/new/decode.xdc} w ]
add_files -fileset constrs_1 {{C:/Users/Scort/OneDrive/Documentos/santiago cortes tovar/trabajos/quinto semestre/SDI-2/decode/deco/deco.srcs/constrs_1/new/decode.xdc}}
set_property target_constrs_file {C:/Users/Scort/OneDrive/Documentos/santiago cortes tovar/trabajos/quinto semestre/SDI-2/decode/deco/deco.srcs/constrs_1/new/decode.xdc} [current_fileset -constrset]
save_constraints -force
synth_design -rtl -name rtl_1
Command: synth_design -rtl -name rtl_1
Starting synth_design
Using part: xc7a100tcsg324-1
Top: decode
---------------------------------------------------------------------------------
Starting RTL Elaboration : Time (s): cpu = 00:00:04 ; elapsed = 00:00:08 . Memory (MB): peak = 2397.184 ; gain = 235.566
---------------------------------------------------------------------------------
WARNING: [Synth 8-2048] function search does not always return a value [C:/Users/Scort/OneDrive/Documentos/santiago cortes tovar/trabajos/quinto semestre/SDI-2/decode/deco/deco.srcs/sources_1/new/paquete.vhd:46]
INFO: [Synth 8-638] synthesizing module 'decode' [C:/Users/Scort/OneDrive/Documentos/santiago cortes tovar/trabajos/quinto semestre/SDI-2/decode/deco/deco.srcs/sources_1/new/decode.vhd:21]
INFO: [Synth 8-3491] module 'decodificador' declared at 'C:/Users/Scort/OneDrive/Documentos/santiago cortes tovar/trabajos/quinto semestre/SDI-2/decode/deco/deco.srcs/sources_1/new/decodificador.vhd:10' bound to instance 'decode' of component 'decodificador' [C:/Users/Scort/OneDrive/Documentos/santiago cortes tovar/trabajos/quinto semestre/SDI-2/decode/deco/deco.srcs/sources_1/new/decode.vhd:31]
INFO: [Synth 8-638] synthesizing module 'decodificador' [C:/Users/Scort/OneDrive/Documentos/santiago cortes tovar/trabajos/quinto semestre/SDI-2/decode/deco/deco.srcs/sources_1/new/decodificador.vhd:18]
INFO: [Synth 8-256] done synthesizing module 'decodificador' (1#1) [C:/Users/Scort/OneDrive/Documentos/santiago cortes tovar/trabajos/quinto semestre/SDI-2/decode/deco/deco.srcs/sources_1/new/decodificador.vhd:18]
INFO: [Synth 8-3491] module 'memory' declared at 'C:/Users/Scort/OneDrive/Documentos/santiago cortes tovar/trabajos/quinto semestre/SDI-2/decode/deco/deco.srcs/sources_1/new/memory.vhd:9' bound to instance 'rom' of component 'memory' [C:/Users/Scort/OneDrive/Documentos/santiago cortes tovar/trabajos/quinto semestre/SDI-2/decode/deco/deco.srcs/sources_1/new/decode.vhd:33]
INFO: [Synth 8-638] synthesizing module 'memory' [C:/Users/Scort/OneDrive/Documentos/santiago cortes tovar/trabajos/quinto semestre/SDI-2/decode/deco/deco.srcs/sources_1/new/memory.vhd:16]
INFO: [Synth 8-256] done synthesizing module 'memory' (2#1) [C:/Users/Scort/OneDrive/Documentos/santiago cortes tovar/trabajos/quinto semestre/SDI-2/decode/deco/deco.srcs/sources_1/new/memory.vhd:16]
INFO: [Synth 8-256] done synthesizing module 'decode' (3#1) [C:/Users/Scort/OneDrive/Documentos/santiago cortes tovar/trabajos/quinto semestre/SDI-2/decode/deco/deco.srcs/sources_1/new/decode.vhd:21]
---------------------------------------------------------------------------------
Finished RTL Elaboration : Time (s): cpu = 00:00:05 ; elapsed = 00:00:10 . Memory (MB): peak = 2447.449 ; gain = 285.832
---------------------------------------------------------------------------------
---------------------------------------------------------------------------------
Start Handling Custom Attributes
---------------------------------------------------------------------------------
---------------------------------------------------------------------------------
Finished Handling Custom Attributes : Time (s): cpu = 00:00:06 ; elapsed = 00:00:11 . Memory (MB): peak = 2468.355 ; gain = 306.738
---------------------------------------------------------------------------------
---------------------------------------------------------------------------------
Finished RTL Optimization Phase 1 : Time (s): cpu = 00:00:06 ; elapsed = 00:00:11 . Memory (MB): peak = 2468.355 ; gain = 306.738
---------------------------------------------------------------------------------
Netlist sorting complete. Time (s): cpu = 00:00:00 ; elapsed = 00:00:00.001 . Memory (MB): peak = 2468.355 ; gain = 0.000
INFO: [Project 1-570] Preparing netlist for logic optimization

Processing XDC Constraints
Initializing timing engine
Parsing XDC File [C:/Users/Scort/OneDrive/Documentos/santiago cortes tovar/trabajos/quinto semestre/SDI-2/decode/deco/deco.srcs/constrs_1/new/decode.xdc]
Finished Parsing XDC File [C:/Users/Scort/OneDrive/Documentos/santiago cortes tovar/trabajos/quinto semestre/SDI-2/decode/deco/deco.srcs/constrs_1/new/decode.xdc]
Completed Processing XDC Constraints

INFO: [Opt 31-138] Pushed 0 inverter(s) to 0 load pin(s).
Netlist sorting complete. Time (s): cpu = 00:00:00 ; elapsed = 00:00:00 . Memory (MB): peak = 2572.578 ; gain = 0.000
INFO: [Project 1-111] Unisim Transformation Summary:
No Unisim elements were transformed.

RTL Elaboration Complete:  : Time (s): cpu = 00:00:09 ; elapsed = 00:00:17 . Memory (MB): peak = 2572.578 ; gain = 410.961
11 Infos, 1 Warnings, 0 Critical Warnings and 0 Errors encountered.
synth_design completed successfully
synth_design: Time (s): cpu = 00:00:09 ; elapsed = 00:00:17 . Memory (MB): peak = 2572.578 ; gain = 410.961
reset_run synth_1
launch_runs impl_1 -to_step write_bitstream -jobs 2
[Mon Mar  6 23:31:08 2023] Launched synth_1...
Run output will be captured here: C:/Users/Scort/OneDrive/Documentos/santiago cortes tovar/trabajos/quinto semestre/SDI-2/decode/deco/deco.runs/synth_1/runme.log
[Mon Mar  6 23:31:08 2023] Launched impl_1...
Run output will be captured here: C:/Users/Scort/OneDrive/Documentos/santiago cortes tovar/trabajos/quinto semestre/SDI-2/decode/deco/deco.runs/impl_1/runme.log
close_design
close_design
launch_simulation
Command: launch_simulation 
INFO: [Vivado 12-5682] Launching behavioral simulation in 'C:/Users/Scort/OneDrive/Documentos/santiago cortes tovar/trabajos/quinto semestre/SDI-2/decode/deco/deco.sim/sim_1/behav/xsim'
INFO: [SIM-utils-51] Simulation object is 'sim_1'
INFO: [SIM-utils-54] Inspecting design source files for 'decode' in fileset 'sim_1'...
INFO: [USF-XSim-97] Finding global include files...
INFO: [USF-XSim-98] Fetching design files from 'sim_1'...
INFO: [USF-XSim-2] XSim::Compile design
INFO: [USF-XSim-61] Executing 'COMPILE and ANALYZE' step in 'C:/Users/Scort/OneDrive/Documentos/santiago cortes tovar/trabajos/quinto semestre/SDI-2/decode/deco/deco.sim/sim_1/behav/xsim'
"xvhdl --incr --relax -prj decode_vhdl.prj"
INFO: [VRFC 10-163] Analyzing VHDL file "C:/Users/Scort/OneDrive/Documentos/santiago cortes tovar/trabajos/quinto semestre/SDI-2/decode/deco/deco.srcs/sources_1/new/paquete.vhd" into library xil_defaultlib
INFO: [VRFC 10-163] Analyzing VHDL file "C:/Users/Scort/OneDrive/Documentos/santiago cortes tovar/trabajos/quinto semestre/SDI-2/decode/deco/deco.srcs/sources_1/new/decodificador.vhd" into library xil_defaultlib
INFO: [VRFC 10-3107] analyzing entity 'decodificador'
INFO: [VRFC 10-163] Analyzing VHDL file "C:/Users/Scort/OneDrive/Documentos/santiago cortes tovar/trabajos/quinto semestre/SDI-2/decode/deco/deco.srcs/sources_1/new/memory.vhd" into library xil_defaultlib
INFO: [VRFC 10-3107] analyzing entity 'memory'
INFO: [VRFC 10-163] Analyzing VHDL file "C:/Users/Scort/OneDrive/Documentos/santiago cortes tovar/trabajos/quinto semestre/SDI-2/decode/deco/deco.srcs/sources_1/new/decode.vhd" into library xil_defaultlib
INFO: [VRFC 10-3107] analyzing entity 'decode'
INFO: [USF-XSim-69] 'compile' step finished in '3' seconds
INFO: [USF-XSim-3] XSim::Elaborate design
INFO: [USF-XSim-61] Executing 'ELABORATE' step in 'C:/Users/Scort/OneDrive/Documentos/santiago cortes tovar/trabajos/quinto semestre/SDI-2/decode/deco/deco.sim/sim_1/behav/xsim'
"xelab -wto af1c8c8a082244e9a1e1e20c6dabce5b --incr --debug typical --relax --mt 2 -L xil_defaultlib -L secureip --snapshot decode_behav xil_defaultlib.decode -log elaborate.log"
Vivado Simulator 2020.1
Copyright 1986-1999, 2001-2020 Xilinx, Inc. All Rights Reserved.
Running: C:/Xilinx/Vivado/2020.1/bin/unwrapped/win64.o/xelab.exe -wto af1c8c8a082244e9a1e1e20c6dabce5b --incr --debug typical --relax --mt 2 -L xil_defaultlib -L secureip --snapshot decode_behav xil_defaultlib.decode -log elaborate.log 
Using 2 slave threads.
Starting static elaboration
Completed static elaboration
Starting simulation data flow analysis
Completed simulation data flow analysis
Time Resolution for simulation is 1ps
Compiling package std.standard
Compiling package std.textio
Compiling package ieee.std_logic_1164
Compiling package ieee.numeric_std
Compiling package xil_defaultlib.search_rom
Compiling architecture behavioral of entity xil_defaultlib.decodificador [decodificador_default]
Compiling architecture behavioral of entity xil_defaultlib.memory [memory_default]
Compiling architecture behavioral of entity xil_defaultlib.decode
Built simulation snapshot decode_behav

****** Webtalk v2020.1 (64-bit)
  **** SW Build 2902540 on Wed May 27 19:54:49 MDT 2020
  **** IP Build 2902112 on Wed May 27 22:43:36 MDT 2020
    ** Copyright 1986-2020 Xilinx, Inc. All Rights Reserved.

source C:/Users/Scort/OneDrive/Documentos/santiago -notrace
invalid command name "%"
    while executing
"% Total    % Received % Xferd  Average Speed   Time    Time     Time  Current"
    (file "C:/Users/Scort/OneDrive/Documentos/santiago" line 1)
INFO: [Common 17-206] Exiting Webtalk at Mon Mar  6 23:35:32 2023...
run_program: Time (s): cpu = 00:00:00 ; elapsed = 00:00:07 . Memory (MB): peak = 2762.910 ; gain = 0.000
INFO: [USF-XSim-69] 'elaborate' step finished in '7' seconds
INFO: [USF-XSim-4] XSim::Simulate design
INFO: [USF-XSim-61] Executing 'SIMULATE' step in 'C:/Users/Scort/OneDrive/Documentos/santiago cortes tovar/trabajos/quinto semestre/SDI-2/decode/deco/deco.sim/sim_1/behav/xsim'
INFO: [USF-XSim-98] *** Running xsim
   with args "decode_behav -key {Behavioral:sim_1:Functional:decode} -tclbatch {decode.tcl} -log {simulate.log}"
INFO: [USF-XSim-8] Loading simulator feature
Vivado Simulator 2020.1
Time resolution is 1 ps
source decode.tcl
# set curr_wave [current_wave_config]
# if { [string length $curr_wave] == 0 } {
#   if { [llength [get_objects]] > 0} {
#     add_wave /
#     set_property needs_save false [current_wave_config]
#   } else {
#      send_msg_id Add_Wave-1 WARNING "No top level signals found. Simulator will start without a wave window. If you want to open a wave window go to 'File->New Waveform Configuration' or type 'create_wave_config' in the TCL console."
#   }
# }
# run 1000ns
FATAL_ERROR: Function search ended without a return statement
Time: 0 ps  Iteration: 0  Process: /decode/rom/line__40
  File: C:/Users/Scort/OneDrive/Documentos/santiago cortes tovar/trabajos/quinto semestre/SDI-2/decode/deco/deco.srcs/sources_1/new/memory.vhd

HDL Line: C:/Users/Scort/OneDrive/Documentos/santiago cortes tovar/trabajos/quinto semestre/SDI-2/decode/deco/deco.srcs/sources_1/new/paquete.vhd:40
run: Time (s): cpu = 00:00:01 ; elapsed = 00:00:10 . Memory (MB): peak = 2762.910 ; gain = 0.000
xsim: Time (s): cpu = 00:00:03 ; elapsed = 00:00:14 . Memory (MB): peak = 2762.910 ; gain = 0.000
INFO: [USF-XSim-96] XSim completed. Design snapshot 'decode_behav' loaded.
INFO: [USF-XSim-97] XSim simulation ran for 1000ns
launch_simulation: Time (s): cpu = 00:00:03 ; elapsed = 00:00:25 . Memory (MB): peak = 2762.910 ; gain = 0.000
add_force {/decode/cin} -radix hex {1 0ns}
add_force {/decode/selector} -radix hex {3 0ns}
run 10 us
ERROR: [Simulator 45-1] A fatal run-time error was detected.  Simulation cannot continue.
run 10 us
ERROR: [Simulator 45-1] A fatal run-time error was detected.  Simulation cannot continue.
add_force {/decode/cin} -radix hex {1 0ns}
add_force {/decode/selector[0]} -radix hex {1 0ns}
run 10 us
ERROR: [Simulator 45-1] A fatal run-time error was detected.  Simulation cannot continue.
run 10 us
ERROR: [Simulator 45-1] A fatal run-time error was detected.  Simulation cannot continue.
run 10 us
ERROR: [Simulator 45-1] A fatal run-time error was detected.  Simulation cannot continue.
run 10 us
ERROR: [Simulator 45-1] A fatal run-time error was detected.  Simulation cannot continue.
close_sim
INFO: [Simtcl 6-16] Simulation closed
close_sim: Time (s): cpu = 00:00:02 ; elapsed = 00:00:06 . Memory (MB): peak = 2762.910 ; gain = 0.000
exit
INFO: [Common 17-206] Exiting Vivado at Mon Mar  6 23:38:47 2023...
