#-----------------------------------------------------------
# Vivado v2020.1 (64-bit)
# SW Build 2902540 on Wed May 27 19:54:49 MDT 2020
# IP Build 2902112 on Wed May 27 22:43:36 MDT 2020
# Start of session at: Mon Sep 25 15:15:39 2023
# Process ID: 1528
# Current directory: C:/Users/Scort/OneDrive/Documentos/santiago cortes tovar/trabajos/quinto semestre/SDI-2/decode/deco/deco
# Command line: vivado.exe -gui_launcher_event rodinguilauncherevent21720 C:\Users\Scort\OneDrive\Documentos\santiago cortes tovar\trabajos\quinto semestre\SDI-2\decode\deco\deco\deco.xpr
# Log file: C:/Users/Scort/OneDrive/Documentos/santiago cortes tovar/trabajos/quinto semestre/SDI-2/decode/deco/deco/vivado.log
# Journal file: C:/Users/Scort/OneDrive/Documentos/santiago cortes tovar/trabajos/quinto semestre/SDI-2/decode/deco/deco\vivado.jou
#-----------------------------------------------------------
start_gui
open_project {C:/Users/Scort/OneDrive/Documentos/santiago cortes tovar/trabajos/quinto semestre/SDI-2/decode/deco/deco/deco.xpr}
INFO: [ProjectBase 1-489] The host OS only allows 260 characters in a normal path. The project is stored in a path with more than 80 characters. If you experience issues with IP, Block Designs, or files not being found, please consider moving the project to a location with a shorter path. Alternately consider using the OS subst command to map part of the path to a drive letter.
Current project path is 'C:/Users/Scort/OneDrive/Documentos/santiago cortes tovar/trabajos/quinto semestre/SDI-2/decode/deco/deco'
Scanning sources...
Finished scanning sources
WARNING: [filemgmt 56-3] Board Part Repository Path: Could not find the directory 'C:/Users/Scort/OneDrive/AppData/Roaming/Xilinx/Vivado/2020.1/xhub/board_store/xilinx_board_store'.
INFO: [IP_Flow 19-234] Refreshing IP repositories
INFO: [IP_Flow 19-1704] No user IP repositories specified
INFO: [IP_Flow 19-2313] Loaded Vivado IP repository 'C:/Xilinx/Vivado/2020.1/data/ip'.
open_project: Time (s): cpu = 00:00:10 ; elapsed = 00:00:13 . Memory (MB): peak = 1020.891 ; gain = 0.000
update_compile_order -fileset sources_1
exit
INFO: [Common 17-206] Exiting Vivado at Mon Sep 25 16:04:15 2023...
