#-----------------------------------------------------------
# Vivado v2020.1 (64-bit)
# SW Build 2902540 on Wed May 27 19:54:49 MDT 2020
# IP Build 2902112 on Wed May 27 22:43:36 MDT 2020
# Start of session at: Wed Feb  1 17:42:03 2023
# Process ID: 2928
# Current directory: C:/Users/Scort/OneDrive/Documentos/santiago cortes tovar/trabajos/quinto semestre/sdi2/mux_compuertas/mux_compuertas
# Command line: vivado.exe -gui_launcher_event rodinguilauncherevent22692 C:\Users\Scort\OneDrive\Documentos\santiago cortes tovar\trabajos\quinto semestre\sdi2\mux_compuertas\mux_compuertas\mux_compuertas.xpr
# Log file: C:/Users/Scort/OneDrive/Documentos/santiago cortes tovar/trabajos/quinto semestre/sdi2/mux_compuertas/mux_compuertas/vivado.log
# Journal file: C:/Users/Scort/OneDrive/Documentos/santiago cortes tovar/trabajos/quinto semestre/sdi2/mux_compuertas/mux_compuertas\vivado.jou
#-----------------------------------------------------------
start_gui
open_project {C:/Users/Scort/OneDrive/Documentos/santiago cortes tovar/trabajos/quinto semestre/sdi2/mux_compuertas/mux_compuertas/mux_compuertas.xpr}
INFO: [ProjectBase 1-489] The host OS only allows 260 characters in a normal path. The project is stored in a path with more than 80 characters. If you experience issues with IP, Block Designs, or files not being found, please consider moving the project to a location with a shorter path. Alternately consider using the OS subst command to map part of the path to a drive letter.
Current project path is 'C:/Users/Scort/OneDrive/Documentos/santiago cortes tovar/trabajos/quinto semestre/sdi2/mux_compuertas/mux_compuertas'
INFO: [Project 1-313] Project file moved from 'C:/Users/electronica/Desktop/mux_compuertas' since last save.
Scanning sources...
Finished scanning sources
CRITICAL WARNING: [Board 49-67] The board_part definition was not found for digilentinc.com:nexys4:part0:1.1. This can happen sometimes when you use custom board part. You can resolve this issue by setting 'board.repoPaths' parameter, pointing to the location of custom board files. Valid board_part values can be retrieved with the 'get_board_parts' Tcl command.
INFO: [IP_Flow 19-234] Refreshing IP repositories
INFO: [IP_Flow 19-1704] No user IP repositories specified
INFO: [IP_Flow 19-2313] Loaded Vivado IP repository 'C:/Xilinx/Vivado/2020.1/data/ip'.
open_project: Time (s): cpu = 00:00:05 ; elapsed = 00:00:08 . Memory (MB): peak = 1023.367 ; gain = 0.000
update_compile_order -fileset sources_1
reset_run synth_1
