#-----------------------------------------------------------
# Vivado v2020.1 (64-bit)
# SW Build 2902540 on Wed May 27 19:54:49 MDT 2020
# IP Build 2902112 on Wed May 27 22:43:36 MDT 2020
# Start of session at: Mon Feb  6 17:33:48 2023
# Process ID: 5504
# Current directory: C:/Users/Scort/OneDrive/Documentos/santiago cortes tovar/trabajos/quinto semestre/SDI-2/mux_compuertas/mux_compuertas
# Command line: vivado.exe -gui_launcher_event rodinguilauncherevent8956 C:\Users\Scort\OneDrive\Documentos\santiago cortes tovar\trabajos\quinto semestre\SDI-2\mux_compuertas\mux_compuertas\mux_compuertas.xpr
# Log file: C:/Users/Scort/OneDrive/Documentos/santiago cortes tovar/trabajos/quinto semestre/SDI-2/mux_compuertas/mux_compuertas/vivado.log
# Journal file: C:/Users/Scort/OneDrive/Documentos/santiago cortes tovar/trabajos/quinto semestre/SDI-2/mux_compuertas/mux_compuertas\vivado.jou
#-----------------------------------------------------------
start_gui
open_project {C:/Users/Scort/OneDrive/Documentos/santiago cortes tovar/trabajos/quinto semestre/SDI-2/mux_compuertas/mux_compuertas/mux_compuertas.xpr}
INFO: [ProjectBase 1-489] The host OS only allows 260 characters in a normal path. The project is stored in a path with more than 80 characters. If you experience issues with IP, Block Designs, or files not being found, please consider moving the project to a location with a shorter path. Alternately consider using the OS subst command to map part of the path to a drive letter.
Current project path is 'C:/Users/Scort/OneDrive/Documentos/santiago cortes tovar/trabajos/quinto semestre/SDI-2/mux_compuertas/mux_compuertas'
INFO: [Project 1-313] Project file moved from 'C:/Users/Scort/OneDrive/Documentos/santiago cortes tovar/trabajos/quinto semestre/sdi2/mux_compuertas/mux_compuertas' since last save.
Scanning sources...
Finished scanning sources
INFO: [IP_Flow 19-234] Refreshing IP repositories
INFO: [IP_Flow 19-1704] No user IP repositories specified
INFO: [IP_Flow 19-2313] Loaded Vivado IP repository 'C:/Xilinx/Vivado/2020.1/data/ip'.
open_project: Time (s): cpu = 00:00:19 ; elapsed = 00:00:17 . Memory (MB): peak = 1037.129 ; gain = 0.000
update_compile_order -fileset sources_1
reset_run impl_1
launch_runs impl_1 -jobs 2
[Mon Feb  6 17:35:11 2023] Launched impl_1...
Run output will be captured here: C:/Users/Scort/OneDrive/Documentos/santiago cortes tovar/trabajos/quinto semestre/SDI-2/mux_compuertas/mux_compuertas/mux_compuertas.runs/impl_1/runme.log
open_run impl_1
INFO: [Device 21-403] Loading part xc7a100tcsg324-1
Netlist sorting complete. Time (s): cpu = 00:00:00 ; elapsed = 00:00:00.001 . Memory (MB): peak = 1308.680 ; gain = 0.000
INFO: [Project 1-479] Netlist was created with Vivado 2020.1
INFO: [Project 1-570] Preparing netlist for logic optimization
INFO: [Timing 38-478] Restoring timing data from binary archive.
INFO: [Timing 38-479] Binary timing data restore complete.
INFO: [Project 1-856] Restoring constraints from binary archive.
INFO: [Project 1-853] Binary constraint restore complete.
Reading XDEF placement.
Reading placer database...
Reading XDEF routing.
Read XDEF File: Time (s): cpu = 00:00:00 ; elapsed = 00:00:00.038 . Memory (MB): peak = 1939.875 ; gain = 0.000
Restored from archive | CPU: 0.000000 secs | Memory: 0.000000 MB |
Finished XDEF File Restore: Time (s): cpu = 00:00:00 ; elapsed = 00:00:00.038 . Memory (MB): peak = 1939.875 ; gain = 0.000
Netlist sorting complete. Time (s): cpu = 00:00:00 ; elapsed = 00:00:00 . Memory (MB): peak = 1939.875 ; gain = 0.000
INFO: [Project 1-111] Unisim Transformation Summary:
No Unisim elements were transformed.

open_run: Time (s): cpu = 00:00:26 ; elapsed = 00:00:24 . Memory (MB): peak = 2068.336 ; gain = 1027.055
WARNING: [Timing 38-313] There are no user specified timing constraints. Timing constraints are needed for proper timing analysis.
place_ports hab P17
save_constraints
reset_run impl_1
launch_runs impl_1 -to_step write_bitstream -jobs 2
[Mon Feb  6 17:40:08 2023] Launched impl_1...
Run output will be captured here: C:/Users/Scort/OneDrive/Documentos/santiago cortes tovar/trabajos/quinto semestre/SDI-2/mux_compuertas/mux_compuertas/mux_compuertas.runs/impl_1/runme.log
refresh_design
Netlist sorting complete. Time (s): cpu = 00:00:00 ; elapsed = 00:00:00 . Memory (MB): peak = 2273.508 ; gain = 0.000
INFO: [Project 1-479] Netlist was created with Vivado 2020.1
INFO: [Project 1-570] Preparing netlist for logic optimization
INFO: [Timing 38-478] Restoring timing data from binary archive.
INFO: [Timing 38-479] Binary timing data restore complete.
INFO: [Project 1-856] Restoring constraints from binary archive.
INFO: [Project 1-853] Binary constraint restore complete.
Reading XDEF placement.
Reading placer database...
Reading XDEF routing.
Read XDEF File: Time (s): cpu = 00:00:00 ; elapsed = 00:00:00.044 . Memory (MB): peak = 2273.508 ; gain = 0.000
Restored from archive | CPU: 0.000000 secs | Memory: 0.000000 MB |
Finished XDEF File Restore: Time (s): cpu = 00:00:00 ; elapsed = 00:00:00.044 . Memory (MB): peak = 2273.508 ; gain = 0.000
refresh_design: Time (s): cpu = 00:00:08 ; elapsed = 00:00:07 . Memory (MB): peak = 2273.508 ; gain = 0.000
WARNING: [Timing 38-313] There are no user specified timing constraints. Timing constraints are needed for proper timing analysis.
exit
INFO: [Common 17-206] Exiting Vivado at Mon Feb  6 17:46:45 2023...
