KCPSM6 Assembler log file for program 'D:\Escritorio\PWM\KCPSM6_Release9_30Sept14\pwm.psm'.
Generated by KCPSM6 version v2.70
Ken Chapman - Xilinx Ltd - 16th May 2014

Assembly datestamp: 25 May 2023
Assembly timestamp: 11:28:35

Contents
  Assembly listing
  List of PSM files
  List of CONSTANTs
  List of TABLEs
  List of STRINGs
  List of line labels
  Instruction usage statistics


Last occupied address: 027 hex
Nominal program memory size: 1K (1024)   address(9:0)
Actual memory size: 4096
  (Default memory size)
Occupied memory locations: 40
Memory locations available: 4056


Assembly listing

 Addr Code            Instruction

 000                  ;PWM codigo del programa
 000                  CONSTANT PWM, 01                 ;El puerto del PWN es el 00
 000                  CONSTANT DISPLAY, 02             ;El puerto de la logica para los displays es el 01
 000                  CONSTANT ADDRESS, 04             ;El puesto donde van a ir las direcciones de las memorias es 04
 000                  NAMEREG s0, REG_MAG              ;Registro para la magnitud del pulso
 000                  NAMEREG s1, REG_POR              ;Registro de porcentaje del pulso
 000                  NAMEREG s3, REG_NRE              ;Registro de numeros representados
 000                  NAMEREG s4, REG_INS              ;Registro de instrucciones
 000                  NAMEREG s5, REG_CPO              ;Registro de contador de pulso añadido
 000                  ADDRESS 000
 000         begin_n: 
 000  28000           DISABLE INTERRUPT
 001  01300           LOAD s3[REG_NRE], 00
 002  2D304           OUTPUT s3[REG_NRE], 04[ADDRESS]
 003  09100           INPUT s1[REG_POR], 00
 004  09001           INPUT s0[REG_MAG], 01
 005  2B011  start_n: OUTPUTK 01, 1[PWM]
 006  2D002           OUTPUT s0[REG_MAG], 02[DISPLAY]
 007  01500           LOAD s5[REG_CPO], 00
 008  11501    add_1: ADD s5[REG_CPO], 01
 009  01405           LOAD s4[REG_INS], 05
 00A  11405  delay_1: ADD s4[REG_INS], 05
 00B  00550           LOAD s5[REG_CPO], s5[REG_CPO]
 00C  00550           LOAD s5[REG_CPO], s5[REG_CPO]
 00D  1D4C3           COMPARE s4[REG_INS], C3
 00E  3600A           JUMP NZ, 00A[delay_1]
 00F  00550           LOAD s5[REG_CPO], s5[REG_CPO]
 010  1C150           COMPARE s1[REG_POR], s5[REG_CPO]
 011  36008           JUMP NZ, 008[add_1]
 012  2B001           OUTPUTK 00, 1[PWM]
 013  00550           LOAD s5[REG_CPO], s5[REG_CPO]
 014  00550           LOAD s5[REG_CPO], s5[REG_CPO]
 015  11501    add_2: ADD s5[REG_CPO], 01
 016  01405           LOAD s4[REG_INS], 05
 017  11405  delay_2: ADD s4[REG_INS], 05
 018  00550           LOAD s5[REG_CPO], s5[REG_CPO]
 019  00550           LOAD s5[REG_CPO], s5[REG_CPO]
 01A  1D4C3           COMPARE s4[REG_INS], C3
 01B  36017           JUMP NZ, 017[delay_2]
 01C  00550           LOAD s5[REG_CPO], s5[REG_CPO]
 01D  1D55F           COMPARE s5[REG_CPO], 5F
 01E  36015           JUMP NZ, 015[add_2]
 01F  11301           ADD s3[REG_NRE], 01
 020  2D304           OUTPUT s3[REG_NRE], 04[ADDRESS]
 021  00550           LOAD s5[REG_CPO], s5[REG_CPO]
 022  1D328           COMPARE s3[REG_NRE], 28
 023  09001           INPUT s0[REG_MAG], 01
 024  09100           INPUT s1[REG_POR], 00
 025  36005           JUMP NZ, 005[start_n]
 026  22000           JUMP 000[begin_n]
 027  25000           RETURN 


All unused memory locations contain zero (equivalent to 'LOAD s0, s0')



List of PSM files that have been assembled

D:\Escritorio\PWM\KCPSM6_Release9_30Sept14\pwm.psm



List of defined constants

 CONSTANT name     Value        Source PSM File

 timestamp_hours   11'd         
 timestamp_minutes 28'd         
 timestamp_seconds 35'd         
 datestamp_year    23'd         
 datestamp_month   5'd          
 datestamp_day     25'd         
 NUL               00           
 BEL               07           
 BS                08           
 HT                09           
 LF                0A           
 VT                0B           
 CR                0D           
 ESC               1B           
 DEL               7F           
 DCS               90           
 ST                9C           
 PWM               01           pwm.psm
 DISPLAY           02           pwm.psm
 ADDRESS           04           pwm.psm



No TABLEs defined



List of text strings

 STRING name       String         Source PSM File

 KCPSM6_version$   "v2.70"        
 datestamp$        "25 May 2023"  
 timestamp$        "11:28:35"     



List of line labels

   Label     Addr  Source PSM File

   begin_n   000   pwm.psm
   start_n   005   pwm.psm
   add_1     008   pwm.psm
   delay_1   00A   pwm.psm
   add_2     015   pwm.psm
   delay_2   017   pwm.psm



Instruction usage statistics

 Instruction    Instances

 LOAD             13
 STAR              -

 AND               -
 OR                -
 XOR               -

 ADD               5
 ADDCY             -
 SUB               -
 SUBCY             -

 TEST              -
 TESTCY            -
 COMPARE           5
 COMPARECY         -

 SL0               -
 SL1               -
 SLX               -
 SLA               -
 RL                -
 SR0               -
 SR1               -
 SRX               -
 SRA               -
 RR                -

 REGBANK           -

 INPUT             4
 OUTPUT            3
 OUTPUTK           2

 STORE             -
 FETCH             -

 DISABLE           1
 ENABLE            -
 RETURNI           -

 JUMP              6
 JUMP@             -
 CALL              -
 CALL@             -
 RETURN            1
 LOAD&RETURN       -

 HWBUILD           -



End of KCPSM6 log file.
