#-----------------------------------------------------------
# Vivado v2020.1 (64-bit)
# SW Build 2902540 on Wed May 27 19:54:49 MDT 2020
# IP Build 2902112 on Wed May 27 22:43:36 MDT 2020
# Start of session at: Thu Mar  2 19:22:59 2023
# Process ID: 22116
# Current directory: C:/Users/Scort/OneDrive/Documentos/santiago cortes tovar/trabajos/quinto semestre/SDI-2/registro_universal/reg_universal
# Command line: vivado.exe -gui_launcher_event rodinguilauncherevent13380 C:\Users\Scort\OneDrive\Documentos\santiago cortes tovar\trabajos\quinto semestre\SDI-2\registro_universal\reg_universal\reg_universal.xpr
# Log file: C:/Users/Scort/OneDrive/Documentos/santiago cortes tovar/trabajos/quinto semestre/SDI-2/registro_universal/reg_universal/vivado.log
# Journal file: C:/Users/Scort/OneDrive/Documentos/santiago cortes tovar/trabajos/quinto semestre/SDI-2/registro_universal/reg_universal\vivado.jou
#-----------------------------------------------------------
start_gui
open_project {C:/Users/Scort/OneDrive/Documentos/santiago cortes tovar/trabajos/quinto semestre/SDI-2/registro_universal/reg_universal/reg_universal.xpr}
INFO: [ProjectBase 1-489] The host OS only allows 260 characters in a normal path. The project is stored in a path with more than 80 characters. If you experience issues with IP, Block Designs, or files not being found, please consider moving the project to a location with a shorter path. Alternately consider using the OS subst command to map part of the path to a drive letter.
Current project path is 'C:/Users/Scort/OneDrive/Documentos/santiago cortes tovar/trabajos/quinto semestre/SDI-2/registro_universal/reg_universal'
Scanning sources...
Finished scanning sources
INFO: [IP_Flow 19-234] Refreshing IP repositories
INFO: [IP_Flow 19-1704] No user IP repositories specified
INFO: [IP_Flow 19-2313] Loaded Vivado IP repository 'C:/Xilinx/Vivado/2020.1/data/ip'.
open_project: Time (s): cpu = 00:00:10 ; elapsed = 00:00:11 . Memory (MB): peak = 1023.590 ; gain = 0.000
update_compile_order -fileset sources_1
reset_run synth_1
launch_runs impl_1 -jobs 2
[Thu Mar  2 19:29:05 2023] Launched synth_1...
Run output will be captured here: C:/Users/Scort/OneDrive/Documentos/santiago cortes tovar/trabajos/quinto semestre/SDI-2/registro_universal/reg_universal/reg_universal.runs/synth_1/runme.log
[Thu Mar  2 19:29:05 2023] Launched impl_1...
Run output will be captured here: C:/Users/Scort/OneDrive/Documentos/santiago cortes tovar/trabajos/quinto semestre/SDI-2/registro_universal/reg_universal/reg_universal.runs/impl_1/runme.log
reset_run synth_1
launch_runs impl_1 -jobs 2
[Thu Mar  2 19:34:29 2023] Launched synth_1...
Run output will be captured here: C:/Users/Scort/OneDrive/Documentos/santiago cortes tovar/trabajos/quinto semestre/SDI-2/registro_universal/reg_universal/reg_universal.runs/synth_1/runme.log
[Thu Mar  2 19:34:29 2023] Launched impl_1...
Run output will be captured here: C:/Users/Scort/OneDrive/Documentos/santiago cortes tovar/trabajos/quinto semestre/SDI-2/registro_universal/reg_universal/reg_universal.runs/impl_1/runme.log
reset_run synth_1
launch_runs impl_1 -jobs 2
[Thu Mar  2 19:36:27 2023] Launched synth_1...
Run output will be captured here: C:/Users/Scort/OneDrive/Documentos/santiago cortes tovar/trabajos/quinto semestre/SDI-2/registro_universal/reg_universal/reg_universal.runs/synth_1/runme.log
[Thu Mar  2 19:36:27 2023] Launched impl_1...
Run output will be captured here: C:/Users/Scort/OneDrive/Documentos/santiago cortes tovar/trabajos/quinto semestre/SDI-2/registro_universal/reg_universal/reg_universal.runs/impl_1/runme.log
open_run impl_1
INFO: [Device 21-403] Loading part xc7a100tcsg324-1
Netlist sorting complete. Time (s): cpu = 00:00:00 ; elapsed = 00:00:00.001 . Memory (MB): peak = 1332.930 ; gain = 0.000
INFO: [Netlist 29-17] Analyzing 7 Unisim elements for replacement
INFO: [Netlist 29-28] Unisim Transformation completed in 0 CPU seconds
INFO: [Project 1-479] Netlist was created with Vivado 2020.1
INFO: [Project 1-570] Preparing netlist for logic optimization
INFO: [Timing 38-478] Restoring timing data from binary archive.
INFO: [Timing 38-479] Binary timing data restore complete.
INFO: [Project 1-856] Restoring constraints from binary archive.
INFO: [Project 1-853] Binary constraint restore complete.
Reading XDEF placement.
Reading placer database...
Reading XDEF routing.
Read XDEF File: Time (s): cpu = 00:00:00 ; elapsed = 00:00:00.037 . Memory (MB): peak = 1967.020 ; gain = 0.000
Restored from archive | CPU: 0.000000 secs | Memory: 0.000000 MB |
Finished XDEF File Restore: Time (s): cpu = 00:00:00 ; elapsed = 00:00:00.038 . Memory (MB): peak = 1967.020 ; gain = 0.000
Netlist sorting complete. Time (s): cpu = 00:00:00 ; elapsed = 00:00:00 . Memory (MB): peak = 1967.020 ; gain = 0.000
INFO: [Project 1-111] Unisim Transformation Summary:
No Unisim elements were transformed.

open_run: Time (s): cpu = 00:00:24 ; elapsed = 00:00:24 . Memory (MB): peak = 2102.559 ; gain = 1014.043
WARNING: [Timing 38-313] There are no user specified timing constraints. Timing constraints are needed for proper timing analysis.
set_property IOSTANDARD LVCMOS33 [get_ports [list {reg_in[5]} {reg_in[4]} {reg_in[3]} {reg_in[2]} {reg_in[1]} {reg_in[0]}]]
startgroup
set_property package_pin "" [get_ports [list  {reg_in[3]}]]
place_ports {reg_in[4]} R15
endgroup
startgroup
set_property package_pin "" [get_ports [list  {reg_in[2]}]]
place_ports {reg_in[3]} M13
endgroup
startgroup
set_property package_pin "" [get_ports [list  {reg_in[1]}]]
place_ports {reg_in[2]} L16
endgroup
startgroup
set_property package_pin "" [get_ports [list  {reg_in[0]}]]
place_ports {reg_in[1]} J15
endgroup
startgroup
set_property package_pin "" [get_ports [list  {reg_in[1]}]]
place_ports {reg_in[0]} J15
endgroup
startgroup
set_property package_pin "" [get_ports [list  {reg_in[2]}]]
place_ports {reg_in[1]} L16
endgroup
startgroup
set_property package_pin "" [get_ports [list  {reg_in[3]}]]
place_ports {reg_in[2]} M13
endgroup
startgroup
set_property package_pin "" [get_ports [list  {reg_in[4]}]]
place_ports {reg_in[3]} R15
endgroup
startgroup
set_property package_pin "" [get_ports [list  {selector[0]}]]
place_ports {reg_in[4]} R17
endgroup
startgroup
set_property package_pin "" [get_ports [list  {selector[1]}]]
place_ports {reg_in[5]} T18
endgroup
place_ports {selector[1]} V10
place_ports {selector[0]} U11
save_constraints
reset_run impl_1
launch_runs impl_1 -to_step write_bitstream -jobs 2
[Thu Mar  2 19:52:04 2023] Launched impl_1...
Run output will be captured here: C:/Users/Scort/OneDrive/Documentos/santiago cortes tovar/trabajos/quinto semestre/SDI-2/registro_universal/reg_universal/reg_universal.runs/impl_1/runme.log
close_design
launch_simulation
Command: launch_simulation 
INFO: [Vivado 12-5682] Launching behavioral simulation in 'C:/Users/Scort/OneDrive/Documentos/santiago cortes tovar/trabajos/quinto semestre/SDI-2/registro_universal/reg_universal/reg_universal.sim/sim_1/behav/xsim'
INFO: [SIM-utils-51] Simulation object is 'sim_1'
INFO: [SIM-utils-54] Inspecting design source files for 'reg_uni' in fileset 'sim_1'...
INFO: [USF-XSim-97] Finding global include files...
INFO: [USF-XSim-98] Fetching design files from 'sim_1'...
INFO: [USF-XSim-2] XSim::Compile design
INFO: [USF-XSim-61] Executing 'COMPILE and ANALYZE' step in 'C:/Users/Scort/OneDrive/Documentos/santiago cortes tovar/trabajos/quinto semestre/SDI-2/registro_universal/reg_universal/reg_universal.sim/sim_1/behav/xsim'
"xvhdl --incr --relax -prj reg_uni_vhdl.prj"
INFO: [VRFC 10-163] Analyzing VHDL file "C:/Users/Scort/OneDrive/Documentos/santiago cortes tovar/trabajos/quinto semestre/SDI-2/registro_universal/reg_universal/reg_universal.srcs/sources_1/new/reg_uni.vhd" into library xil_defaultlib
INFO: [VRFC 10-3107] analyzing entity 'reg_uni'
INFO: [USF-XSim-69] 'compile' step finished in '2' seconds
INFO: [USF-XSim-3] XSim::Elaborate design
INFO: [USF-XSim-61] Executing 'ELABORATE' step in 'C:/Users/Scort/OneDrive/Documentos/santiago cortes tovar/trabajos/quinto semestre/SDI-2/registro_universal/reg_universal/reg_universal.sim/sim_1/behav/xsim'
"xelab -wto 8b81da7f1b0f4728a6f0057bca6c1853 --incr --debug typical --relax --mt 2 -L xil_defaultlib -L secureip --snapshot reg_uni_behav xil_defaultlib.reg_uni -log elaborate.log"
Vivado Simulator 2020.1
Copyright 1986-1999, 2001-2020 Xilinx, Inc. All Rights Reserved.
Running: C:/Xilinx/Vivado/2020.1/bin/unwrapped/win64.o/xelab.exe -wto 8b81da7f1b0f4728a6f0057bca6c1853 --incr --debug typical --relax --mt 2 -L xil_defaultlib -L secureip --snapshot reg_uni_behav xil_defaultlib.reg_uni -log elaborate.log 
Using 2 slave threads.
Starting static elaboration
Completed static elaboration
Starting simulation data flow analysis
Completed simulation data flow analysis
Time Resolution for simulation is 1ps
Compiling package std.standard
Compiling package std.textio
Compiling package ieee.std_logic_1164
Compiling architecture behavioral of entity xil_defaultlib.reg_uni
Built simulation snapshot reg_uni_behav

****** Webtalk v2020.1 (64-bit)
  **** SW Build 2902540 on Wed May 27 19:54:49 MDT 2020
  **** IP Build 2902112 on Wed May 27 22:43:36 MDT 2020
    ** Copyright 1986-2020 Xilinx, Inc. All Rights Reserved.

source C:/Users/Scort/OneDrive/Documentos/santiago -notrace
invalid command name "%"
    while executing
"% Total    % Received % Xferd  Average Speed   Time    Time     Time  Current"
    (file "C:/Users/Scort/OneDrive/Documentos/santiago" line 1)
INFO: [Common 17-206] Exiting Webtalk at Thu Mar  2 19:55:13 2023...
run_program: Time (s): cpu = 00:00:00 ; elapsed = 00:00:06 . Memory (MB): peak = 2167.414 ; gain = 0.000
INFO: [USF-XSim-69] 'elaborate' step finished in '6' seconds
INFO: [USF-XSim-4] XSim::Simulate design
INFO: [USF-XSim-61] Executing 'SIMULATE' step in 'C:/Users/Scort/OneDrive/Documentos/santiago cortes tovar/trabajos/quinto semestre/SDI-2/registro_universal/reg_universal/reg_universal.sim/sim_1/behav/xsim'
INFO: [USF-XSim-98] *** Running xsim
   with args "reg_uni_behav -key {Behavioral:sim_1:Functional:reg_uni} -tclbatch {reg_uni.tcl} -log {simulate.log}"
INFO: [USF-XSim-8] Loading simulator feature
Vivado Simulator 2020.1
Time resolution is 1 ps
source reg_uni.tcl
# set curr_wave [current_wave_config]
# if { [string length $curr_wave] == 0 } {
#   if { [llength [get_objects]] > 0} {
#     add_wave /
#     set_property needs_save false [current_wave_config]
#   } else {
#      send_msg_id Add_Wave-1 WARNING "No top level signals found. Simulator will start without a wave window. If you want to open a wave window go to 'File->New Waveform Configuration' or type 'create_wave_config' in the TCL console."
#   }
# }
# run 1000ns
INFO: [USF-XSim-96] XSim completed. Design snapshot 'reg_uni_behav' loaded.
INFO: [USF-XSim-97] XSim simulation ran for 1000ns
launch_simulation: Time (s): cpu = 00:00:03 ; elapsed = 00:00:12 . Memory (MB): peak = 2167.414 ; gain = 0.000
add_force {/reg_uni/clk} -radix hex {1 0ns}
add_force {/reg_uni/reloj} -radix hex {1 0ns}
add_force {/reg_uni/load} -radix hex {1 0ns}
add_force {/reg_uni/reg_in[5]} -radix hex {1 0ns}
add_force {/reg_uni/reg_in[0]} -radix hex {1 0ns}
add_force {/reg_uni/reg_in[2]} -radix hex {1 0ns}
add_force {/reg_uni/reg_in[3]} -radix hex {1 0ns}
run 10 us
run 10 us
run 10 us
reset_run synth_1
WARNING: [Vivado 12-1017] Problems encountered:
1. Failed to delete one or more files in run directory C:/Users/Scort/OneDrive/Documentos/santiago cortes tovar/trabajos/quinto semestre/SDI-2/registro_universal/reg_universal/reg_universal.runs/synth_1

launch_runs synth_1 -jobs 2
[Thu Mar  2 19:56:52 2023] Launched synth_1...
Run output will be captured here: C:/Users/Scort/OneDrive/Documentos/santiago cortes tovar/trabajos/quinto semestre/SDI-2/registro_universal/reg_universal/reg_universal.runs/synth_1/runme.log
launch_runs impl_1 -jobs 2
[Thu Mar  2 19:57:45 2023] Launched impl_1...
Run output will be captured here: C:/Users/Scort/OneDrive/Documentos/santiago cortes tovar/trabajos/quinto semestre/SDI-2/registro_universal/reg_universal/reg_universal.runs/impl_1/runme.log
open_run impl_1
Netlist sorting complete. Time (s): cpu = 00:00:00 ; elapsed = 00:00:00 . Memory (MB): peak = 2167.414 ; gain = 0.000
INFO: [Netlist 29-17] Analyzing 7 Unisim elements for replacement
INFO: [Netlist 29-28] Unisim Transformation completed in 0 CPU seconds
INFO: [Project 1-479] Netlist was created with Vivado 2020.1
INFO: [Project 1-570] Preparing netlist for logic optimization
INFO: [Timing 38-478] Restoring timing data from binary archive.
INFO: [Timing 38-479] Binary timing data restore complete.
INFO: [Project 1-856] Restoring constraints from binary archive.
INFO: [Project 1-853] Binary constraint restore complete.
Reading XDEF placement.
Reading placer database...
Reading XDEF routing.
Read XDEF File: Time (s): cpu = 00:00:00 ; elapsed = 00:00:00.040 . Memory (MB): peak = 2167.414 ; gain = 0.000
Restored from archive | CPU: 0.000000 secs | Memory: 0.000000 MB |
Finished XDEF File Restore: Time (s): cpu = 00:00:00 ; elapsed = 00:00:00.040 . Memory (MB): peak = 2167.414 ; gain = 0.000
Netlist sorting complete. Time (s): cpu = 00:00:00 ; elapsed = 00:00:00 . Memory (MB): peak = 2167.414 ; gain = 0.000
INFO: [Project 1-111] Unisim Transformation Summary:
No Unisim elements were transformed.

WARNING: [Timing 38-313] There are no user specified timing constraints. Timing constraints are needed for proper timing analysis.
close_design
close_sim
INFO: [Simtcl 6-16] Simulation closed
exit
INFO: [Common 17-206] Exiting Vivado at Thu Mar  2 19:59:50 2023...
