
*** Running vivado
    with args -log decode.vds -m64 -product Vivado -mode batch -messageDb vivado.pb -notrace -source decode.tcl



****** Vivado v2020.1 (64-bit)
  **** SW Build 2902540 on Wed May 27 19:54:49 MDT 2020
  **** IP Build 2902112 on Wed May 27 22:43:36 MDT 2020
    ** Copyright 1986-2020 Xilinx, Inc. All Rights Reserved.

source decode.tcl -notrace
Command: synth_design -top decode -part xc7a100tcsg324-1
Starting synth_design
Attempting to get a license for feature 'Synthesis' and/or device 'xc7a100t'
INFO: [Common 17-349] Got license for feature 'Synthesis' and/or device 'xc7a100t'
INFO: [Device 21-403] Loading part xc7a100tcsg324-1
INFO: [Synth 8-7079] Multithreading enabled for synth_design using a maximum of 2 processes.
INFO: [Synth 8-7078] Launching helper process for spawning children vivado processes
INFO: [Synth 8-7075] Helper process launched with PID 22248
---------------------------------------------------------------------------------
Starting RTL Elaboration : Time (s): cpu = 00:00:04 ; elapsed = 00:00:05 . Memory (MB): peak = 1032.332 ; gain = 0.000
---------------------------------------------------------------------------------
INFO: [Synth 8-638] synthesizing module 'decode' [C:/Users/Scort/OneDrive/Documentos/santiago cortes tovar/trabajos/quinto semestre/SDI-2/decode/deco/deco/deco.srcs/sources_1/new/decode.vhd:21]
INFO: [Synth 8-3491] module 'decodificador' declared at 'C:/Users/Scort/OneDrive/Documentos/santiago cortes tovar/trabajos/quinto semestre/SDI-2/decode/deco/deco/deco.srcs/sources_1/new/decodificador.vhd:12' bound to instance 'decode' of component 'decodificador' [C:/Users/Scort/OneDrive/Documentos/santiago cortes tovar/trabajos/quinto semestre/SDI-2/decode/deco/deco/deco.srcs/sources_1/new/decode.vhd:31]
INFO: [Synth 8-638] synthesizing module 'decodificador' [C:/Users/Scort/OneDrive/Documentos/santiago cortes tovar/trabajos/quinto semestre/SDI-2/decode/deco/deco/deco.srcs/sources_1/new/decodificador.vhd:20]
INFO: [Synth 8-256] done synthesizing module 'decodificador' (1#1) [C:/Users/Scort/OneDrive/Documentos/santiago cortes tovar/trabajos/quinto semestre/SDI-2/decode/deco/deco/deco.srcs/sources_1/new/decodificador.vhd:20]
INFO: [Synth 8-3491] module 'memory' declared at 'C:/Users/Scort/OneDrive/Documentos/santiago cortes tovar/trabajos/quinto semestre/SDI-2/decode/deco/deco/deco.srcs/sources_1/new/memory.vhd:11' bound to instance 'rom' of component 'memory' [C:/Users/Scort/OneDrive/Documentos/santiago cortes tovar/trabajos/quinto semestre/SDI-2/decode/deco/deco/deco.srcs/sources_1/new/decode.vhd:33]
INFO: [Synth 8-638] synthesizing module 'memory' [C:/Users/Scort/OneDrive/Documentos/santiago cortes tovar/trabajos/quinto semestre/SDI-2/decode/deco/deco/deco.srcs/sources_1/new/memory.vhd:18]
INFO: [Synth 8-256] done synthesizing module 'memory' (2#1) [C:/Users/Scort/OneDrive/Documentos/santiago cortes tovar/trabajos/quinto semestre/SDI-2/decode/deco/deco/deco.srcs/sources_1/new/memory.vhd:18]
INFO: [Synth 8-256] done synthesizing module 'decode' (3#1) [C:/Users/Scort/OneDrive/Documentos/santiago cortes tovar/trabajos/quinto semestre/SDI-2/decode/deco/deco/deco.srcs/sources_1/new/decode.vhd:21]
---------------------------------------------------------------------------------
Finished RTL Elaboration : Time (s): cpu = 00:00:05 ; elapsed = 00:00:06 . Memory (MB): peak = 1055.836 ; gain = 23.504
---------------------------------------------------------------------------------
---------------------------------------------------------------------------------
Start Handling Custom Attributes
---------------------------------------------------------------------------------
---------------------------------------------------------------------------------
Finished Handling Custom Attributes : Time (s): cpu = 00:00:05 ; elapsed = 00:00:07 . Memory (MB): peak = 1055.836 ; gain = 23.504
---------------------------------------------------------------------------------
---------------------------------------------------------------------------------
Finished RTL Optimization Phase 1 : Time (s): cpu = 00:00:05 ; elapsed = 00:00:07 . Memory (MB): peak = 1055.836 ; gain = 23.504
---------------------------------------------------------------------------------
Netlist sorting complete. Time (s): cpu = 00:00:00 ; elapsed = 00:00:00.001 . Memory (MB): peak = 1055.836 ; gain = 0.000
INFO: [Project 1-570] Preparing netlist for logic optimization

Processing XDC Constraints
Initializing timing engine
Parsing XDC File [C:/Users/Scort/OneDrive/Documentos/santiago cortes tovar/trabajos/quinto semestre/SDI-2/decode/deco/deco/deco.srcs/constrs_1/new/decode.xdc]
Finished Parsing XDC File [C:/Users/Scort/OneDrive/Documentos/santiago cortes tovar/trabajos/quinto semestre/SDI-2/decode/deco/deco/deco.srcs/constrs_1/new/decode.xdc]
INFO: [Project 1-236] Implementation specific constraints were found while reading constraint file [C:/Users/Scort/OneDrive/Documentos/santiago cortes tovar/trabajos/quinto semestre/SDI-2/decode/deco/deco/deco.srcs/constrs_1/new/decode.xdc]. These constraints will be ignored for synthesis but will be used in implementation. Impacted constraints are listed in the file [.Xil/decode_propImpl.xdc].
Resolution: To avoid this warning, move constraints listed in [.Xil/decode_propImpl.xdc] to another XDC file and exclude this new file from synthesis with the used_in_synthesis property (File Properties dialog in GUI) and re-run elaboration/synthesis.
Completed Processing XDC Constraints

Netlist sorting complete. Time (s): cpu = 00:00:00 ; elapsed = 00:00:00 . Memory (MB): peak = 1141.359 ; gain = 0.000
INFO: [Project 1-111] Unisim Transformation Summary:
No Unisim elements were transformed.

Constraint Validation Runtime : Time (s): cpu = 00:00:00 ; elapsed = 00:00:00.002 . Memory (MB): peak = 1141.359 ; gain = 0.000
---------------------------------------------------------------------------------
Finished Constraint Validation : Time (s): cpu = 00:00:09 ; elapsed = 00:00:14 . Memory (MB): peak = 1141.359 ; gain = 109.027
---------------------------------------------------------------------------------
---------------------------------------------------------------------------------
Start Loading Part and Timing Information
---------------------------------------------------------------------------------
Loading part: xc7a100tcsg324-1
---------------------------------------------------------------------------------
Finished Loading Part and Timing Information : Time (s): cpu = 00:00:09 ; elapsed = 00:00:14 . Memory (MB): peak = 1141.359 ; gain = 109.027
---------------------------------------------------------------------------------
---------------------------------------------------------------------------------
Start Applying 'set_property' XDC Constraints
---------------------------------------------------------------------------------
---------------------------------------------------------------------------------
Finished applying 'set_property' XDC Constraints : Time (s): cpu = 00:00:09 ; elapsed = 00:00:14 . Memory (MB): peak = 1141.359 ; gain = 109.027
---------------------------------------------------------------------------------
---------------------------------------------------------------------------------
Finished RTL Optimization Phase 2 : Time (s): cpu = 00:00:09 ; elapsed = 00:00:14 . Memory (MB): peak = 1141.359 ; gain = 109.027
---------------------------------------------------------------------------------
---------------------------------------------------------------------------------
Start RTL Component Statistics 
---------------------------------------------------------------------------------
Detailed RTL Component Info : 
+---Muxes : 
	  16 Input   16 Bit        Muxes := 1     
	   2 Input    1 Bit        Muxes := 16    
---------------------------------------------------------------------------------
Finished RTL Component Statistics 
---------------------------------------------------------------------------------
---------------------------------------------------------------------------------
Start Part Resource Summary
---------------------------------------------------------------------------------
Part Resources:
DSPs: 240 (col length:80)
BRAMs: 270 (col length: RAMB18 80 RAMB36 40)
---------------------------------------------------------------------------------
Finished Part Resource Summary
---------------------------------------------------------------------------------
---------------------------------------------------------------------------------
Start Cross Boundary and Area Optimization
---------------------------------------------------------------------------------
---------------------------------------------------------------------------------
Finished Cross Boundary and Area Optimization : Time (s): cpu = 00:00:10 ; elapsed = 00:00:15 . Memory (MB): peak = 1141.359 ; gain = 109.027
---------------------------------------------------------------------------------
---------------------------------------------------------------------------------
Start Applying XDC Timing Constraints
---------------------------------------------------------------------------------
---------------------------------------------------------------------------------
Finished Applying XDC Timing Constraints : Time (s): cpu = 00:00:15 ; elapsed = 00:00:23 . Memory (MB): peak = 1153.113 ; gain = 120.781
---------------------------------------------------------------------------------
---------------------------------------------------------------------------------
Start Timing Optimization
---------------------------------------------------------------------------------
---------------------------------------------------------------------------------
Finished Timing Optimization : Time (s): cpu = 00:00:15 ; elapsed = 00:00:23 . Memory (MB): peak = 1153.113 ; gain = 120.781
---------------------------------------------------------------------------------
---------------------------------------------------------------------------------
Start Technology Mapping
---------------------------------------------------------------------------------
---------------------------------------------------------------------------------
Finished Technology Mapping : Time (s): cpu = 00:00:15 ; elapsed = 00:00:24 . Memory (MB): peak = 1173.234 ; gain = 140.902
---------------------------------------------------------------------------------
---------------------------------------------------------------------------------
Start IO Insertion
---------------------------------------------------------------------------------
---------------------------------------------------------------------------------
Start Flattening Before IO Insertion
---------------------------------------------------------------------------------
---------------------------------------------------------------------------------
Finished Flattening Before IO Insertion
---------------------------------------------------------------------------------
---------------------------------------------------------------------------------
Start Final Netlist Cleanup
---------------------------------------------------------------------------------
---------------------------------------------------------------------------------
Finished Final Netlist Cleanup
---------------------------------------------------------------------------------
---------------------------------------------------------------------------------
Finished IO Insertion : Time (s): cpu = 00:00:18 ; elapsed = 00:00:27 . Memory (MB): peak = 1178.965 ; gain = 146.633
---------------------------------------------------------------------------------
---------------------------------------------------------------------------------
Start Renaming Generated Instances
---------------------------------------------------------------------------------
---------------------------------------------------------------------------------
Finished Renaming Generated Instances : Time (s): cpu = 00:00:18 ; elapsed = 00:00:27 . Memory (MB): peak = 1178.965 ; gain = 146.633
---------------------------------------------------------------------------------
---------------------------------------------------------------------------------
Start Rebuilding User Hierarchy
---------------------------------------------------------------------------------
---------------------------------------------------------------------------------
Finished Rebuilding User Hierarchy : Time (s): cpu = 00:00:18 ; elapsed = 00:00:27 . Memory (MB): peak = 1178.965 ; gain = 146.633
---------------------------------------------------------------------------------
---------------------------------------------------------------------------------
Start Renaming Generated Ports
---------------------------------------------------------------------------------
---------------------------------------------------------------------------------
Finished Renaming Generated Ports : Time (s): cpu = 00:00:18 ; elapsed = 00:00:27 . Memory (MB): peak = 1178.965 ; gain = 146.633
---------------------------------------------------------------------------------
---------------------------------------------------------------------------------
Start Handling Custom Attributes
---------------------------------------------------------------------------------
---------------------------------------------------------------------------------
Finished Handling Custom Attributes : Time (s): cpu = 00:00:18 ; elapsed = 00:00:27 . Memory (MB): peak = 1178.965 ; gain = 146.633
---------------------------------------------------------------------------------
---------------------------------------------------------------------------------
Start Renaming Generated Nets
---------------------------------------------------------------------------------
---------------------------------------------------------------------------------
Finished Renaming Generated Nets : Time (s): cpu = 00:00:18 ; elapsed = 00:00:27 . Memory (MB): peak = 1178.965 ; gain = 146.633
---------------------------------------------------------------------------------
---------------------------------------------------------------------------------
Start Writing Synthesis Report
---------------------------------------------------------------------------------

Report BlackBoxes: 
+-+--------------+----------+
| |BlackBox name |Instances |
+-+--------------+----------+
+-+--------------+----------+

Report Cell Usage: 
+------+-----+------+
|      |Cell |Count |
+------+-----+------+
|1     |IBUF |     4|
|2     |OBUF |     4|
+------+-----+------+
---------------------------------------------------------------------------------
Finished Writing Synthesis Report : Time (s): cpu = 00:00:18 ; elapsed = 00:00:27 . Memory (MB): peak = 1178.965 ; gain = 146.633
---------------------------------------------------------------------------------
Synthesis finished with 0 errors, 0 critical warnings and 0 warnings.
Synthesis Optimization Runtime : Time (s): cpu = 00:00:12 ; elapsed = 00:00:25 . Memory (MB): peak = 1178.965 ; gain = 61.109
Synthesis Optimization Complete : Time (s): cpu = 00:00:18 ; elapsed = 00:00:27 . Memory (MB): peak = 1178.965 ; gain = 146.633
INFO: [Project 1-571] Translating synthesized netlist
Netlist sorting complete. Time (s): cpu = 00:00:00 ; elapsed = 00:00:00 . Memory (MB): peak = 1179.730 ; gain = 0.000
INFO: [Project 1-570] Preparing netlist for logic optimization
INFO: [Opt 31-138] Pushed 0 inverter(s) to 0 load pin(s).
Netlist sorting complete. Time (s): cpu = 00:00:00 ; elapsed = 00:00:00 . Memory (MB): peak = 1193.594 ; gain = 0.000
INFO: [Project 1-111] Unisim Transformation Summary:
No Unisim elements were transformed.

INFO: [Common 17-83] Releasing license: Synthesis
21 Infos, 0 Warnings, 0 Critical Warnings and 0 Errors encountered.
synth_design completed successfully
synth_design: Time (s): cpu = 00:00:21 ; elapsed = 00:00:35 . Memory (MB): peak = 1193.594 ; gain = 161.262
INFO: [Common 17-1381] The checkpoint 'C:/Users/Scort/OneDrive/Documentos/santiago cortes tovar/trabajos/quinto semestre/SDI-2/decode/deco/deco/deco.runs/synth_1/decode.dcp' has been generated.
INFO: [runtcl-4] Executing : report_utilization -file decode_utilization_synth.rpt -pb decode_utilization_synth.pb
INFO: [Common 17-206] Exiting Vivado at Tue Mar  7 11:47:33 2023...
