#-----------------------------------------------------------
# Vivado v2020.1 (64-bit)
# SW Build 2902540 on Wed May 27 19:54:49 MDT 2020
# IP Build 2902112 on Wed May 27 22:43:36 MDT 2020
# Start of session at: Mon Sep 11 13:44:09 2023
# Process ID: 329132
# Current directory: C:/Users/Scort/OneDrive/Documentos/santiago cortes tovar/trabajos/quinto semestre/SDI-2/ALU/_alu_gus/_alu_/_alu_
# Command line: vivado.exe -gui_launcher_event rodinguilauncherevent325996 C:\Users\Scort\OneDrive\Documentos\santiago cortes tovar\trabajos\quinto semestre\SDI-2\ALU\_alu_gus\_alu_\_alu_\_alu_.xpr
# Log file: C:/Users/Scort/OneDrive/Documentos/santiago cortes tovar/trabajos/quinto semestre/SDI-2/ALU/_alu_gus/_alu_/_alu_/vivado.log
# Journal file: C:/Users/Scort/OneDrive/Documentos/santiago cortes tovar/trabajos/quinto semestre/SDI-2/ALU/_alu_gus/_alu_/_alu_\vivado.jou
#-----------------------------------------------------------
start_gui
open_project {C:/Users/Scort/OneDrive/Documentos/santiago cortes tovar/trabajos/quinto semestre/SDI-2/ALU/_alu_gus/_alu_/_alu_/_alu_.xpr}
INFO: [ProjectBase 1-489] The host OS only allows 260 characters in a normal path. The project is stored in a path with more than 80 characters. If you experience issues with IP, Block Designs, or files not being found, please consider moving the project to a location with a shorter path. Alternately consider using the OS subst command to map part of the path to a drive letter.
Current project path is 'C:/Users/Scort/OneDrive/Documentos/santiago cortes tovar/trabajos/quinto semestre/SDI-2/ALU/_alu_gus/_alu_/_alu_'
Scanning sources...
Finished scanning sources
WARNING: [filemgmt 56-3] Board Part Repository Path: Could not find the directory 'C:/Users/Scort/OneDrive/Documentos/santiago cortes tovar/AppData/Roaming/Xilinx/Vivado/2020.1/xhub/board_store/xilinx_board_store'.
INFO: [IP_Flow 19-234] Refreshing IP repositories
INFO: [IP_Flow 19-1704] No user IP repositories specified
INFO: [IP_Flow 19-2313] Loaded Vivado IP repository 'C:/Xilinx/Vivado/2020.1/data/ip'.
open_project: Time (s): cpu = 00:00:12 ; elapsed = 00:00:08 . Memory (MB): peak = 1033.391 ; gain = 0.000
update_compile_order -fileset sources_1
open_hw_manager
connect_hw_server -allow_non_jtag
INFO: [Labtools 27-2285] Connecting to hw_server url TCP:localhost:3121
INFO: [Labtools 27-2222] Launching hw_server...
INFO: [Labtools 27-2221] Launch Output:

****** Xilinx hw_server v2020.1
  **** Build date : May 27 2020 at 20:24:38
    ** Copyright 1986-2020 Xilinx, Inc. All Rights Reserved.


INFO: [Labtools 27-3415] Connecting to cs_server url TCP:localhost:3042
INFO: [Labtools 27-3417] Launching cs_server...
INFO: [Labtools 27-2221] Launch Output:


****** Xilinx cs_server v2020.1.0
  **** Build date : May 13 2020-20:10:29
    ** Copyright 2017-2020 Xilinx, Inc. All Rights Reserved.



connect_hw_server: Time (s): cpu = 00:00:01 ; elapsed = 00:00:06 . Memory (MB): peak = 1033.391 ; gain = 0.000
disconnect_hw_server localhost:3121
connect_hw_server -allow_non_jtag
INFO: [Labtools 27-2285] Connecting to hw_server url TCP:localhost:3121
INFO: [Labtools 27-3415] Connecting to cs_server url TCP:localhost:3042
INFO: [Labtools 27-3414] Connected to existing cs_server.
disconnect_hw_server localhost:3121
connect_hw_server -allow_non_jtag
INFO: [Labtools 27-2285] Connecting to hw_server url TCP:localhost:3121
INFO: [Labtools 27-3415] Connecting to cs_server url TCP:localhost:3042
INFO: [Labtools 27-3414] Connected to existing cs_server.
exit
INFO: [Common 17-206] Exiting Vivado at Mon Sep 11 13:46:49 2023...
